Analysis & Synthesis report for RingBuffer
Wed May 15 11:27:45 2024
Quartus Prime Version 19.1.0 Build 670 09/22/2019 SJ Lite Edition


---------------------
; Table of Contents ;
---------------------
  1. Legal Notice
  2. Analysis & Synthesis Summary
  3. Analysis & Synthesis Settings
  4. Parallel Compilation
  5. Analysis & Synthesis Source Files Read
  6. Analysis & Synthesis Resource Usage Summary
  7. Analysis & Synthesis Resource Utilization by Entity
  8. State Machine - |RingBuffer|RingBufferControl:RingBufferCtrl|CurrentState
  9. User-Specified and Inferred Latches
 10. General Register Statistics
 11. Parameter Settings for User Entity Instance: RAM:R
 12. Port Connectivity Checks: "MAC:MemoryAddressCtrl|UpDownCounter:UpDownCount|adderSubtractor:EC_AS"
 13. Port Connectivity Checks: "MAC:MemoryAddressCtrl|UpDownCounter:UpDownCount|Registo:EC_Reg|FFD:FFD4"
 14. Port Connectivity Checks: "MAC:MemoryAddressCtrl|UpDownCounter:UpDownCount|Registo:EC_Reg|FFD:FFD3"
 15. Port Connectivity Checks: "MAC:MemoryAddressCtrl|UpDownCounter:UpDownCount|Registo:EC_Reg|FFD:FFD2"
 16. Port Connectivity Checks: "MAC:MemoryAddressCtrl|UpDownCounter:UpDownCount|Registo:EC_Reg|FFD:FFD1"
 17. Port Connectivity Checks: "MAC:MemoryAddressCtrl|UpDownCounter:UpDownCount|MuxCont:EC_MUX"
 18. Port Connectivity Checks: "MAC:MemoryAddressCtrl|Counter3:putCount|ContadorCrescente:C_CC|Adder3:CC_Adder"
 19. Port Connectivity Checks: "MAC:MemoryAddressCtrl|Counter3:putCount|ContadorCrescente:C_CC|Reg3:CC_Reg|FFD:R_FFD2"
 20. Port Connectivity Checks: "MAC:MemoryAddressCtrl|Counter3:putCount|ContadorCrescente:C_CC|Reg3:CC_Reg|FFD:R_FFD1"
 21. Port Connectivity Checks: "MAC:MemoryAddressCtrl|Counter3:putCount|ContadorCrescente:C_CC|Reg3:CC_Reg|FFD:R_FFD0"
 22. Port Connectivity Checks: "MAC:MemoryAddressCtrl|Counter3:putCount|ContadorCrescente:C_CC|Reg3:CC_Reg"
 23. Port Connectivity Checks: "MAC:MemoryAddressCtrl|Counter3:putCount|ContadorCrescente:C_CC"
 24. Post-Synthesis Netlist Statistics for Top Partition
 25. Elapsed Time Per Partition
 26. Analysis & Synthesis Messages



----------------
; Legal Notice ;
----------------
Copyright (C) 2019  Intel Corporation. All rights reserved.
Your use of Intel Corporation's design tools, logic functions 
and other software and tools, and any partner logic 
functions, and any output files from any of the foregoing 
(including device programming or simulation files), and any 
associated documentation or information are expressly subject 
to the terms and conditions of the Intel Program License 
Subscription Agreement, the Intel Quartus Prime License Agreement,
the Intel FPGA IP License Agreement, or other applicable license
agreement, including, without limitation, that your use is for
the sole purpose of programming logic devices manufactured by
Intel and sold by Intel or its authorized distributors.  Please
refer to the applicable agreement for further details, at
https://fpgasoftware.intel.com/eula.



+----------------------------------------------------------------------------------+
; Analysis & Synthesis Summary                                                     ;
+------------------------------------+---------------------------------------------+
; Analysis & Synthesis Status        ; Successful - Wed May 15 11:27:45 2024       ;
; Quartus Prime Version              ; 19.1.0 Build 670 09/22/2019 SJ Lite Edition ;
; Revision Name                      ; RingBuffer                                  ;
; Top-level Entity Name              ; RingBuffer                                  ;
; Family                             ; MAX 10                                      ;
; Total logic elements               ; 97                                          ;
;     Total combinational functions  ; 97                                          ;
;     Dedicated logic registers      ; 17                                          ;
; Total registers                    ; 17                                          ;
; Total pins                         ; 14                                          ;
; Total virtual pins                 ; 0                                           ;
; Total memory bits                  ; 0                                           ;
; Embedded Multiplier 9-bit elements ; 0                                           ;
; Total PLLs                         ; 0                                           ;
; UFM blocks                         ; 0                                           ;
; ADC blocks                         ; 0                                           ;
+------------------------------------+---------------------------------------------+


+------------------------------------------------------------------------------------------------------------+
; Analysis & Synthesis Settings                                                                              ;
+------------------------------------------------------------------+--------------------+--------------------+
; Option                                                           ; Setting            ; Default Value      ;
+------------------------------------------------------------------+--------------------+--------------------+
; Device                                                           ; 10M50DAF484C6GES   ;                    ;
; Top-level entity name                                            ; RingBuffer         ; RingBuffer         ;
; Family name                                                      ; MAX 10             ; Cyclone V          ;
; Use smart compilation                                            ; Off                ; Off                ;
; Enable parallel Assembler and Timing Analyzer during compilation ; On                 ; On                 ;
; Enable compact report table                                      ; Off                ; Off                ;
; Restructure Multiplexers                                         ; Auto               ; Auto               ;
; Create Debugging Nodes for IP Cores                              ; Off                ; Off                ;
; Preserve fewer node names                                        ; On                 ; On                 ;
; Intel FPGA IP Evaluation Mode                                    ; Enable             ; Enable             ;
; Verilog Version                                                  ; Verilog_2001       ; Verilog_2001       ;
; VHDL Version                                                     ; VHDL_1993          ; VHDL_1993          ;
; State Machine Processing                                         ; Auto               ; Auto               ;
; Safe State Machine                                               ; Off                ; Off                ;
; Extract Verilog State Machines                                   ; On                 ; On                 ;
; Extract VHDL State Machines                                      ; On                 ; On                 ;
; Ignore Verilog initial constructs                                ; Off                ; Off                ;
; Iteration limit for constant Verilog loops                       ; 5000               ; 5000               ;
; Iteration limit for non-constant Verilog loops                   ; 250                ; 250                ;
; Add Pass-Through Logic to Inferred RAMs                          ; On                 ; On                 ;
; Infer RAMs from Raw Logic                                        ; On                 ; On                 ;
; Parallel Synthesis                                               ; On                 ; On                 ;
; DSP Block Balancing                                              ; Auto               ; Auto               ;
; NOT Gate Push-Back                                               ; On                 ; On                 ;
; Power-Up Don't Care                                              ; On                 ; On                 ;
; Remove Redundant Logic Cells                                     ; Off                ; Off                ;
; Remove Duplicate Registers                                       ; On                 ; On                 ;
; Ignore CARRY Buffers                                             ; Off                ; Off                ;
; Ignore CASCADE Buffers                                           ; Off                ; Off                ;
; Ignore GLOBAL Buffers                                            ; Off                ; Off                ;
; Ignore ROW GLOBAL Buffers                                        ; Off                ; Off                ;
; Ignore LCELL Buffers                                             ; Off                ; Off                ;
; Ignore SOFT Buffers                                              ; On                 ; On                 ;
; Limit AHDL Integers to 32 Bits                                   ; Off                ; Off                ;
; Optimization Technique                                           ; Balanced           ; Balanced           ;
; Carry Chain Length                                               ; 70                 ; 70                 ;
; Auto Carry Chains                                                ; On                 ; On                 ;
; Auto Open-Drain Pins                                             ; On                 ; On                 ;
; Perform WYSIWYG Primitive Resynthesis                            ; Off                ; Off                ;
; Auto ROM Replacement                                             ; On                 ; On                 ;
; Auto RAM Replacement                                             ; On                 ; On                 ;
; Auto DSP Block Replacement                                       ; On                 ; On                 ;
; Auto Shift Register Replacement                                  ; Auto               ; Auto               ;
; Allow Shift Register Merging across Hierarchies                  ; Auto               ; Auto               ;
; Auto Clock Enable Replacement                                    ; On                 ; On                 ;
; Strict RAM Replacement                                           ; Off                ; Off                ;
; Allow Synchronous Control Signals                                ; On                 ; On                 ;
; Force Use of Synchronous Clear Signals                           ; Off                ; Off                ;
; Auto RAM Block Balancing                                         ; On                 ; On                 ;
; Auto RAM to Logic Cell Conversion                                ; Off                ; Off                ;
; Auto Resource Sharing                                            ; Off                ; Off                ;
; Allow Any RAM Size For Recognition                               ; Off                ; Off                ;
; Allow Any ROM Size For Recognition                               ; Off                ; Off                ;
; Allow Any Shift Register Size For Recognition                    ; Off                ; Off                ;
; Use LogicLock Constraints during Resource Balancing              ; On                 ; On                 ;
; Ignore translate_off and synthesis_off directives                ; Off                ; Off                ;
; Timing-Driven Synthesis                                          ; On                 ; On                 ;
; Report Parameter Settings                                        ; On                 ; On                 ;
; Report Source Assignments                                        ; On                 ; On                 ;
; Report Connectivity Checks                                       ; On                 ; On                 ;
; Ignore Maximum Fan-Out Assignments                               ; Off                ; Off                ;
; Synchronization Register Chain Length                            ; 2                  ; 2                  ;
; Power Optimization During Synthesis                              ; Normal compilation ; Normal compilation ;
; HDL message level                                                ; Level2             ; Level2             ;
; Suppress Register Optimization Related Messages                  ; Off                ; Off                ;
; Number of Removed Registers Reported in Synthesis Report         ; 5000               ; 5000               ;
; Number of Swept Nodes Reported in Synthesis Report               ; 5000               ; 5000               ;
; Number of Inverted Registers Reported in Synthesis Report        ; 100                ; 100                ;
; Clock MUX Protection                                             ; On                 ; On                 ;
; Auto Gated Clock Conversion                                      ; Off                ; Off                ;
; Block Design Naming                                              ; Auto               ; Auto               ;
; SDC constraint protection                                        ; Off                ; Off                ;
; Synthesis Effort                                                 ; Auto               ; Auto               ;
; Shift Register Replacement - Allow Asynchronous Clear Signal     ; On                 ; On                 ;
; Pre-Mapping Resynthesis Optimization                             ; Off                ; Off                ;
; Analysis & Synthesis Message Level                               ; Medium             ; Medium             ;
; Disable Register Merging Across Hierarchies                      ; Auto               ; Auto               ;
; Resource Aware Inference For Block RAM                           ; On                 ; On                 ;
+------------------------------------------------------------------+--------------------+--------------------+


+------------------------------------------+
; Parallel Compilation                     ;
+----------------------------+-------------+
; Processors                 ; Number      ;
+----------------------------+-------------+
; Number detected on machine ; 8           ;
; Maximum allowed            ; 4           ;
;                            ;             ;
; Average used               ; 1.00        ;
; Maximum used               ; 4           ;
;                            ;             ;
; Usage by Processor         ; % Time Used ;
;     Processor 1            ; 100.0%      ;
;     Processor 2            ;   0.0%      ;
;     Processors 3-4         ;   0.0%      ;
+----------------------------+-------------+


+----------------------------------------------------------------------------------------------------------------------------------------------------------+
; Analysis & Synthesis Source Files Read                                                                                                                   ;
+----------------------------------+-----------------+-----------------+-------------------------------------------------------------------------+---------+
; File Name with User-Entered Path ; Used in Netlist ; File Type       ; File Name with Absolute Path                                            ; Library ;
+----------------------------------+-----------------+-----------------+-------------------------------------------------------------------------+---------+
; UpDownCounter.vhd                ; yes             ; User VHDL File  ; C:/Users/ssrlo/ISEL/2324/2semestre/LIC/RingBuffer/UpDownCounter.vhd     ;         ;
; RingBufferControl.vhd            ; yes             ; User VHDL File  ; C:/Users/ssrlo/ISEL/2324/2semestre/LIC/RingBuffer/RingBufferControl.vhd ;         ;
; Registo.vhd                      ; yes             ; User VHDL File  ; C:/Users/ssrlo/ISEL/2324/2semestre/LIC/RingBuffer/Registo.vhd           ;         ;
; Reg3.vhd                         ; yes             ; User VHDL File  ; C:/Users/ssrlo/ISEL/2324/2semestre/LIC/RingBuffer/Reg3.vhd              ;         ;
; MuxCont.vhd                      ; yes             ; User VHDL File  ; C:/Users/ssrlo/ISEL/2324/2semestre/LIC/RingBuffer/MuxCont.vhd           ;         ;
; MUX3.vhd                         ; yes             ; User VHDL File  ; C:/Users/ssrlo/ISEL/2324/2semestre/LIC/RingBuffer/MUX3.vhd              ;         ;
; Mux2bit.vhd                      ; yes             ; User VHDL File  ; C:/Users/ssrlo/ISEL/2324/2semestre/LIC/RingBuffer/Mux2bit.vhd           ;         ;
; MAC.vhd                          ; yes             ; User VHDL File  ; C:/Users/ssrlo/ISEL/2324/2semestre/LIC/RingBuffer/MAC.vhd               ;         ;
; HA.vhd                           ; yes             ; User VHDL File  ; C:/Users/ssrlo/ISEL/2324/2semestre/LIC/RingBuffer/HA.vhd                ;         ;
; FFD.vhd                          ; yes             ; User VHDL File  ; C:/Users/ssrlo/ISEL/2324/2semestre/LIC/RingBuffer/FFD.vhd               ;         ;
; FA.vhd                           ; yes             ; User VHDL File  ; C:/Users/ssrlo/ISEL/2324/2semestre/LIC/RingBuffer/FA.vhd                ;         ;
; Counter3.vhd                     ; yes             ; User VHDL File  ; C:/Users/ssrlo/ISEL/2324/2semestre/LIC/RingBuffer/Counter3.vhd          ;         ;
; ContadorCrescente.vhd            ; yes             ; User VHDL File  ; C:/Users/ssrlo/ISEL/2324/2semestre/LIC/RingBuffer/ContadorCrescente.vhd ;         ;
; adderSubtractor.vhd              ; yes             ; User VHDL File  ; C:/Users/ssrlo/ISEL/2324/2semestre/LIC/RingBuffer/adderSubtractor.vhd   ;         ;
; adder4.vhd                       ; yes             ; User VHDL File  ; C:/Users/ssrlo/ISEL/2324/2semestre/LIC/RingBuffer/adder4.vhd            ;         ;
; Adder3.vhd                       ; yes             ; User VHDL File  ; C:/Users/ssrlo/ISEL/2324/2semestre/LIC/RingBuffer/Adder3.vhd            ;         ;
; RAM.vhd                          ; yes             ; User VHDL File  ; C:/Users/ssrlo/ISEL/2324/2semestre/LIC/RingBuffer/RAM.vhd               ;         ;
; RingBuffer.vhd                   ; yes             ; User VHDL File  ; C:/Users/ssrlo/ISEL/2324/2semestre/LIC/RingBuffer/RingBuffer.vhd        ;         ;
+----------------------------------+-----------------+-----------------+-------------------------------------------------------------------------+---------+


+---------------------------------------------------------+
; Analysis & Synthesis Resource Usage Summary             ;
+---------------------------------------------+-----------+
; Resource                                    ; Usage     ;
+---------------------------------------------+-----------+
; Estimated Total logic elements              ; 97        ;
;                                             ;           ;
; Total combinational functions               ; 97        ;
; Logic element usage by number of LUT inputs ;           ;
;     -- 4 input functions                    ; 35        ;
;     -- 3 input functions                    ; 55        ;
;     -- <=2 input functions                  ; 7         ;
;                                             ;           ;
; Logic elements by mode                      ;           ;
;     -- normal mode                          ; 97        ;
;     -- arithmetic mode                      ; 0         ;
;                                             ;           ;
; Total registers                             ; 17        ;
;     -- Dedicated logic registers            ; 17        ;
;     -- I/O registers                        ; 0         ;
;                                             ;           ;
; I/O pins                                    ; 14        ;
;                                             ;           ;
; Embedded Multiplier 9-bit elements          ; 0         ;
;                                             ;           ;
; Maximum fan-out node                        ; clk~input ;
; Maximum fan-out                             ; 17        ;
; Total fan-out                               ; 392       ;
; Average fan-out                             ; 2.76      ;
+---------------------------------------------+-----------+


+----------------------------------------------------------------------------------------------------------------------------------------------------------------------------------------------------------------------------------------------------------------------------------------------------------------------------------------------------+
; Analysis & Synthesis Resource Utilization by Entity                                                                                                                                                                                                                                                                                                ;
+---------------------------------------+---------------------+---------------------------+-------------+------------+--------------+---------+-----------+------+--------------+------------+--------------------------------------------------------------------------------------------------------------------+-------------------+--------------+
; Compilation Hierarchy Node            ; Combinational ALUTs ; Dedicated Logic Registers ; Memory Bits ; UFM Blocks ; DSP Elements ; DSP 9x9 ; DSP 18x18 ; Pins ; Virtual Pins ; ADC blocks ; Full Hierarchy Name                                                                                                ; Entity Name       ; Library Name ;
+---------------------------------------+---------------------+---------------------------+-------------+------------+--------------+---------+-----------+------+--------------+------------+--------------------------------------------------------------------------------------------------------------------+-------------------+--------------+
; |RingBuffer                           ; 97 (8)              ; 17 (0)                    ; 0           ; 0          ; 0            ; 0       ; 0         ; 14   ; 0            ; 0          ; |RingBuffer                                                                                                        ; RingBuffer        ; work         ;
;    |MAC:MemoryAddressCtrl|            ; 15 (1)              ; 10 (0)                    ; 0           ; 0          ; 0            ; 0       ; 0         ; 0    ; 0            ; 0          ; |RingBuffer|MAC:MemoryAddressCtrl                                                                                  ; MAC               ; work         ;
;       |Counter3:getCount|             ; 3 (0)               ; 3 (0)                     ; 0           ; 0          ; 0            ; 0       ; 0         ; 0    ; 0            ; 0          ; |RingBuffer|MAC:MemoryAddressCtrl|Counter3:getCount                                                                ; Counter3          ; work         ;
;          |ContadorCrescente:C_CC|     ; 3 (0)               ; 3 (0)                     ; 0           ; 0          ; 0            ; 0       ; 0         ; 0    ; 0            ; 0          ; |RingBuffer|MAC:MemoryAddressCtrl|Counter3:getCount|ContadorCrescente:C_CC                                         ; ContadorCrescente ; work         ;
;             |Reg3:CC_Reg|             ; 3 (0)               ; 3 (0)                     ; 0           ; 0          ; 0            ; 0       ; 0         ; 0    ; 0            ; 0          ; |RingBuffer|MAC:MemoryAddressCtrl|Counter3:getCount|ContadorCrescente:C_CC|Reg3:CC_Reg                             ; Reg3              ; work         ;
;                |FFD:R_FFD0|           ; 1 (1)               ; 1 (1)                     ; 0           ; 0          ; 0            ; 0       ; 0         ; 0    ; 0            ; 0          ; |RingBuffer|MAC:MemoryAddressCtrl|Counter3:getCount|ContadorCrescente:C_CC|Reg3:CC_Reg|FFD:R_FFD0                  ; FFD               ; work         ;
;                |FFD:R_FFD1|           ; 1 (1)               ; 1 (1)                     ; 0           ; 0          ; 0            ; 0       ; 0         ; 0    ; 0            ; 0          ; |RingBuffer|MAC:MemoryAddressCtrl|Counter3:getCount|ContadorCrescente:C_CC|Reg3:CC_Reg|FFD:R_FFD1                  ; FFD               ; work         ;
;                |FFD:R_FFD2|           ; 1 (1)               ; 1 (1)                     ; 0           ; 0          ; 0            ; 0       ; 0         ; 0    ; 0            ; 0          ; |RingBuffer|MAC:MemoryAddressCtrl|Counter3:getCount|ContadorCrescente:C_CC|Reg3:CC_Reg|FFD:R_FFD2                  ; FFD               ; work         ;
;       |Counter3:putCount|             ; 3 (0)               ; 3 (0)                     ; 0           ; 0          ; 0            ; 0       ; 0         ; 0    ; 0            ; 0          ; |RingBuffer|MAC:MemoryAddressCtrl|Counter3:putCount                                                                ; Counter3          ; work         ;
;          |ContadorCrescente:C_CC|     ; 3 (0)               ; 3 (0)                     ; 0           ; 0          ; 0            ; 0       ; 0         ; 0    ; 0            ; 0          ; |RingBuffer|MAC:MemoryAddressCtrl|Counter3:putCount|ContadorCrescente:C_CC                                         ; ContadorCrescente ; work         ;
;             |Reg3:CC_Reg|             ; 3 (0)               ; 3 (0)                     ; 0           ; 0          ; 0            ; 0       ; 0         ; 0    ; 0            ; 0          ; |RingBuffer|MAC:MemoryAddressCtrl|Counter3:putCount|ContadorCrescente:C_CC|Reg3:CC_Reg                             ; Reg3              ; work         ;
;                |FFD:R_FFD0|           ; 1 (1)               ; 1 (1)                     ; 0           ; 0          ; 0            ; 0       ; 0         ; 0    ; 0            ; 0          ; |RingBuffer|MAC:MemoryAddressCtrl|Counter3:putCount|ContadorCrescente:C_CC|Reg3:CC_Reg|FFD:R_FFD0                  ; FFD               ; work         ;
;                |FFD:R_FFD1|           ; 1 (1)               ; 1 (1)                     ; 0           ; 0          ; 0            ; 0       ; 0         ; 0    ; 0            ; 0          ; |RingBuffer|MAC:MemoryAddressCtrl|Counter3:putCount|ContadorCrescente:C_CC|Reg3:CC_Reg|FFD:R_FFD1                  ; FFD               ; work         ;
;                |FFD:R_FFD2|           ; 1 (1)               ; 1 (1)                     ; 0           ; 0          ; 0            ; 0       ; 0         ; 0    ; 0            ; 0          ; |RingBuffer|MAC:MemoryAddressCtrl|Counter3:putCount|ContadorCrescente:C_CC|Reg3:CC_Reg|FFD:R_FFD2                  ; FFD               ; work         ;
;       |Mux2bit:mux|                   ; 3 (3)               ; 0 (0)                     ; 0           ; 0          ; 0            ; 0       ; 0         ; 0    ; 0            ; 0          ; |RingBuffer|MAC:MemoryAddressCtrl|Mux2bit:mux                                                                      ; Mux2bit           ; work         ;
;       |UpDownCounter:UpDownCount|     ; 5 (0)               ; 4 (0)                     ; 0           ; 0          ; 0            ; 0       ; 0         ; 0    ; 0            ; 0          ; |RingBuffer|MAC:MemoryAddressCtrl|UpDownCounter:UpDownCount                                                        ; UpDownCounter     ; work         ;
;          |Registo:EC_Reg|             ; 1 (0)               ; 4 (0)                     ; 0           ; 0          ; 0            ; 0       ; 0         ; 0    ; 0            ; 0          ; |RingBuffer|MAC:MemoryAddressCtrl|UpDownCounter:UpDownCount|Registo:EC_Reg                                         ; Registo           ; work         ;
;             |FFD:FFD1|                ; 1 (1)               ; 1 (1)                     ; 0           ; 0          ; 0            ; 0       ; 0         ; 0    ; 0            ; 0          ; |RingBuffer|MAC:MemoryAddressCtrl|UpDownCounter:UpDownCount|Registo:EC_Reg|FFD:FFD1                                ; FFD               ; work         ;
;             |FFD:FFD2|                ; 0 (0)               ; 1 (1)                     ; 0           ; 0          ; 0            ; 0       ; 0         ; 0    ; 0            ; 0          ; |RingBuffer|MAC:MemoryAddressCtrl|UpDownCounter:UpDownCount|Registo:EC_Reg|FFD:FFD2                                ; FFD               ; work         ;
;             |FFD:FFD3|                ; 0 (0)               ; 1 (1)                     ; 0           ; 0          ; 0            ; 0       ; 0         ; 0    ; 0            ; 0          ; |RingBuffer|MAC:MemoryAddressCtrl|UpDownCounter:UpDownCount|Registo:EC_Reg|FFD:FFD3                                ; FFD               ; work         ;
;             |FFD:FFD4|                ; 0 (0)               ; 1 (1)                     ; 0           ; 0          ; 0            ; 0       ; 0         ; 0    ; 0            ; 0          ; |RingBuffer|MAC:MemoryAddressCtrl|UpDownCounter:UpDownCount|Registo:EC_Reg|FFD:FFD4                                ; FFD               ; work         ;
;          |adderSubtractor:EC_AS|      ; 4 (0)               ; 0 (0)                     ; 0           ; 0          ; 0            ; 0       ; 0         ; 0    ; 0            ; 0          ; |RingBuffer|MAC:MemoryAddressCtrl|UpDownCounter:UpDownCount|adderSubtractor:EC_AS                                  ; adderSubtractor   ; work         ;
;             |adder4:AS_Adder|         ; 4 (0)               ; 0 (0)                     ; 0           ; 0          ; 0            ; 0       ; 0         ; 0    ; 0            ; 0          ; |RingBuffer|MAC:MemoryAddressCtrl|UpDownCounter:UpDownCount|adderSubtractor:EC_AS|adder4:AS_Adder                  ; adder4            ; work         ;
;                |FA:FA2|               ; 2 (1)               ; 0 (0)                     ; 0           ; 0          ; 0            ; 0       ; 0         ; 0    ; 0            ; 0          ; |RingBuffer|MAC:MemoryAddressCtrl|UpDownCounter:UpDownCount|adderSubtractor:EC_AS|adder4:AS_Adder|FA:FA2           ; FA                ; work         ;
;                   |HA:FA_HA1|         ; 1 (1)               ; 0 (0)                     ; 0           ; 0          ; 0            ; 0       ; 0         ; 0    ; 0            ; 0          ; |RingBuffer|MAC:MemoryAddressCtrl|UpDownCounter:UpDownCount|adderSubtractor:EC_AS|adder4:AS_Adder|FA:FA2|HA:FA_HA1 ; HA                ; work         ;
;                |FA:FA3|               ; 1 (0)               ; 0 (0)                     ; 0           ; 0          ; 0            ; 0       ; 0         ; 0    ; 0            ; 0          ; |RingBuffer|MAC:MemoryAddressCtrl|UpDownCounter:UpDownCount|adderSubtractor:EC_AS|adder4:AS_Adder|FA:FA3           ; FA                ; work         ;
;                   |HA:FA_HA1|         ; 1 (1)               ; 0 (0)                     ; 0           ; 0          ; 0            ; 0       ; 0         ; 0    ; 0            ; 0          ; |RingBuffer|MAC:MemoryAddressCtrl|UpDownCounter:UpDownCount|adderSubtractor:EC_AS|adder4:AS_Adder|FA:FA3|HA:FA_HA1 ; HA                ; work         ;
;                |FA:FA4|               ; 1 (0)               ; 0 (0)                     ; 0           ; 0          ; 0            ; 0       ; 0         ; 0    ; 0            ; 0          ; |RingBuffer|MAC:MemoryAddressCtrl|UpDownCounter:UpDownCount|adderSubtractor:EC_AS|adder4:AS_Adder|FA:FA4           ; FA                ; work         ;
;                   |HA:FA_HA1|         ; 1 (1)               ; 0 (0)                     ; 0           ; 0          ; 0            ; 0       ; 0         ; 0    ; 0            ; 0          ; |RingBuffer|MAC:MemoryAddressCtrl|UpDownCounter:UpDownCount|adderSubtractor:EC_AS|adder4:AS_Adder|FA:FA4|HA:FA_HA1 ; HA                ; work         ;
;    |RAM:R|                            ; 52 (52)             ; 0 (0)                     ; 0           ; 0          ; 0            ; 0       ; 0         ; 0    ; 0            ; 0          ; |RingBuffer|RAM:R                                                                                                  ; RAM               ; work         ;
;    |RingBufferControl:RingBufferCtrl| ; 22 (22)             ; 7 (7)                     ; 0           ; 0          ; 0            ; 0       ; 0         ; 0    ; 0            ; 0          ; |RingBuffer|RingBufferControl:RingBufferCtrl                                                                       ; RingBufferControl ; work         ;
+---------------------------------------+---------------------+---------------------------+-------------+------------+--------------+---------+-----------+------+--------------+------------+--------------------------------------------------------------------------------------------------------------------+-------------------+--------------+
Note: For table entries with two numbers listed, the numbers in parentheses indicate the number of resources of the given type used by the specific entity alone. The numbers listed outside of parentheses indicate the total resources of the given type used by the specific entity and all of its sub-entities in the hierarchy.


Encoding Type:  One-Hot
+-------------------------------------------------------------------------------------------------------------------------------------------------------------------------------------------------------+
; State Machine - |RingBuffer|RingBufferControl:RingBufferCtrl|CurrentState                                                                                                                             ;
+------------------------+------------------------+------------------------+------------------------+------------------------+------------------------+------------------------+------------------------+
; Name                   ; CurrentState.STATE_110 ; CurrentState.STATE_101 ; CurrentState.STATE_100 ; CurrentState.STATE_011 ; CurrentState.STATE_010 ; CurrentState.STATE_001 ; CurrentState.STATE_000 ;
+------------------------+------------------------+------------------------+------------------------+------------------------+------------------------+------------------------+------------------------+
; CurrentState.STATE_000 ; 0                      ; 0                      ; 0                      ; 0                      ; 0                      ; 0                      ; 0                      ;
; CurrentState.STATE_001 ; 0                      ; 0                      ; 0                      ; 0                      ; 0                      ; 1                      ; 1                      ;
; CurrentState.STATE_010 ; 0                      ; 0                      ; 0                      ; 0                      ; 1                      ; 0                      ; 1                      ;
; CurrentState.STATE_011 ; 0                      ; 0                      ; 0                      ; 1                      ; 0                      ; 0                      ; 1                      ;
; CurrentState.STATE_100 ; 0                      ; 0                      ; 1                      ; 0                      ; 0                      ; 0                      ; 1                      ;
; CurrentState.STATE_101 ; 0                      ; 1                      ; 0                      ; 0                      ; 0                      ; 0                      ; 1                      ;
; CurrentState.STATE_110 ; 1                      ; 0                      ; 0                      ; 0                      ; 0                      ; 0                      ; 1                      ;
+------------------------+------------------------+------------------------+------------------------+------------------------+------------------------+------------------------+------------------------+


+--------------------------------------------------------------------------------------------------------------------------------+
; User-Specified and Inferred Latches                                                                                            ;
+----------------------------------------------------------+--------------------------------------------+------------------------+
; Latch Name                                               ; Latch Enable Signal                        ; Free of Timing Hazards ;
+----------------------------------------------------------+--------------------------------------------+------------------------+
; RAM:R|ram~8                                              ; rtl~0                                      ; yes                    ;
; RAM:R|ram~4                                              ; rtl~1                                      ; yes                    ;
; RAM:R|ram~0                                              ; rtl~2                                      ; yes                    ;
; RAM:R|ram~12                                             ; rtl~3                                      ; yes                    ;
; RAM:R|ram~20                                             ; rtl~4                                      ; yes                    ;
; RAM:R|ram~24                                             ; rtl~5                                      ; yes                    ;
; RAM:R|ram~16                                             ; rtl~6                                      ; yes                    ;
; RAM:R|ram~28                                             ; rtl~7                                      ; yes                    ;
; RAM:R|ram~9                                              ; rtl~0                                      ; yes                    ;
; RAM:R|ram~5                                              ; rtl~1                                      ; yes                    ;
; RAM:R|ram~1                                              ; rtl~2                                      ; yes                    ;
; RAM:R|ram~13                                             ; rtl~3                                      ; yes                    ;
; RAM:R|ram~21                                             ; rtl~4                                      ; yes                    ;
; RAM:R|ram~25                                             ; rtl~5                                      ; yes                    ;
; RAM:R|ram~17                                             ; rtl~6                                      ; yes                    ;
; RAM:R|ram~29                                             ; rtl~7                                      ; yes                    ;
; RAM:R|ram~10                                             ; rtl~0                                      ; yes                    ;
; RAM:R|ram~6                                              ; rtl~1                                      ; yes                    ;
; RAM:R|ram~2                                              ; rtl~2                                      ; yes                    ;
; RAM:R|ram~14                                             ; rtl~3                                      ; yes                    ;
; RAM:R|ram~22                                             ; rtl~4                                      ; yes                    ;
; RAM:R|ram~26                                             ; rtl~5                                      ; yes                    ;
; RAM:R|ram~18                                             ; rtl~6                                      ; yes                    ;
; RAM:R|ram~30                                             ; rtl~7                                      ; yes                    ;
; RAM:R|ram~11                                             ; rtl~0                                      ; yes                    ;
; RAM:R|ram~7                                              ; rtl~1                                      ; yes                    ;
; RAM:R|ram~3                                              ; rtl~2                                      ; yes                    ;
; RAM:R|ram~15                                             ; rtl~3                                      ; yes                    ;
; RAM:R|ram~23                                             ; rtl~4                                      ; yes                    ;
; RAM:R|ram~27                                             ; rtl~5                                      ; yes                    ;
; RAM:R|ram~19                                             ; rtl~6                                      ; yes                    ;
; RAM:R|ram~31                                             ; rtl~7                                      ; yes                    ;
; RingBufferControl:RingBufferCtrl|NextState.STATE_001_272 ; GND                                        ; yes                    ;
; RingBufferControl:RingBufferCtrl|NextState.STATE_010_256 ; RingBufferControl:RingBufferCtrl|Selector9 ; yes                    ;
; RingBufferControl:RingBufferCtrl|NextState.STATE_011_237 ; RingBufferControl:RingBufferCtrl|Selector9 ; yes                    ;
; RingBufferControl:RingBufferCtrl|NextState.STATE_100_218 ; GND                                        ; yes                    ;
; RingBufferControl:RingBufferCtrl|NextState.STATE_101_202 ; RingBufferControl:RingBufferCtrl|Selector9 ; yes                    ;
; RingBufferControl:RingBufferCtrl|NextState.STATE_110_183 ; RingBufferControl:RingBufferCtrl|Selector9 ; yes                    ;
; RingBufferControl:RingBufferCtrl|NextState.STATE_000_291 ; RingBufferControl:RingBufferCtrl|Selector9 ; yes                    ;
; Number of user-specified and inferred latches = 39       ;                                            ;                        ;
+----------------------------------------------------------+--------------------------------------------+------------------------+
Note: All latches listed above may not be present at the end of synthesis due to various synthesis optimizations.


+------------------------------------------------------+
; General Register Statistics                          ;
+----------------------------------------------+-------+
; Statistic                                    ; Value ;
+----------------------------------------------+-------+
; Total registers                              ; 17    ;
; Number of registers using Synchronous Clear  ; 0     ;
; Number of registers using Synchronous Load   ; 0     ;
; Number of registers using Asynchronous Clear ; 17    ;
; Number of registers using Asynchronous Load  ; 0     ;
; Number of registers using Clock Enable       ; 4     ;
; Number of registers using Preset             ; 0     ;
+----------------------------------------------+-------+


+----------------------------------------------------+
; Parameter Settings for User Entity Instance: RAM:R ;
+----------------+-------+---------------------------+
; Parameter Name ; Value ; Type                      ;
+----------------+-------+---------------------------+
; address_width  ; 3     ; Signed Integer            ;
; data_width     ; 4     ; Signed Integer            ;
+----------------+-------+---------------------------+
Note: In order to hide this table in the UI and the text report file, please set the "Show Parameter Settings in Synthesis Report" option in "Analysis and Synthesis Settings -> More Settings" to "Off".


+-------------------------------------------------------------------------------------------------------------------+
; Port Connectivity Checks: "MAC:MemoryAddressCtrl|UpDownCounter:UpDownCount|adderSubtractor:EC_AS"                 ;
+---------+--------+----------+-------------------------------------------------------------------------------------+
; Port    ; Type   ; Severity ; Details                                                                             ;
+---------+--------+----------+-------------------------------------------------------------------------------------+
; b[3..1] ; Input  ; Info     ; Stuck at GND                                                                        ;
; cin     ; Input  ; Info     ; Stuck at GND                                                                        ;
; c4out   ; Output ; Info     ; Connected to dangling logic. Logic that only feeds a dangling port will be removed. ;
+---------+--------+----------+-------------------------------------------------------------------------------------+


+-----------------------------------------------------------------------------------------------------+
; Port Connectivity Checks: "MAC:MemoryAddressCtrl|UpDownCounter:UpDownCount|Registo:EC_Reg|FFD:FFD4" ;
+------+-------+----------+---------------------------------------------------------------------------+
; Port ; Type  ; Severity ; Details                                                                   ;
+------+-------+----------+---------------------------------------------------------------------------+
; set  ; Input ; Info     ; Stuck at GND                                                              ;
+------+-------+----------+---------------------------------------------------------------------------+


+-----------------------------------------------------------------------------------------------------+
; Port Connectivity Checks: "MAC:MemoryAddressCtrl|UpDownCounter:UpDownCount|Registo:EC_Reg|FFD:FFD3" ;
+------+-------+----------+---------------------------------------------------------------------------+
; Port ; Type  ; Severity ; Details                                                                   ;
+------+-------+----------+---------------------------------------------------------------------------+
; set  ; Input ; Info     ; Stuck at GND                                                              ;
+------+-------+----------+---------------------------------------------------------------------------+


+-----------------------------------------------------------------------------------------------------+
; Port Connectivity Checks: "MAC:MemoryAddressCtrl|UpDownCounter:UpDownCount|Registo:EC_Reg|FFD:FFD2" ;
+------+-------+----------+---------------------------------------------------------------------------+
; Port ; Type  ; Severity ; Details                                                                   ;
+------+-------+----------+---------------------------------------------------------------------------+
; set  ; Input ; Info     ; Stuck at GND                                                              ;
+------+-------+----------+---------------------------------------------------------------------------+


+-----------------------------------------------------------------------------------------------------+
; Port Connectivity Checks: "MAC:MemoryAddressCtrl|UpDownCounter:UpDownCount|Registo:EC_Reg|FFD:FFD1" ;
+------+-------+----------+---------------------------------------------------------------------------+
; Port ; Type  ; Severity ; Details                                                                   ;
+------+-------+----------+---------------------------------------------------------------------------+
; set  ; Input ; Info     ; Stuck at GND                                                              ;
+------+-------+----------+---------------------------------------------------------------------------+


+--------------------------------------------------------------------------------------------+
; Port Connectivity Checks: "MAC:MemoryAddressCtrl|UpDownCounter:UpDownCount|MuxCont:EC_MUX" ;
+------+-------+----------+------------------------------------------------------------------+
; Port ; Type  ; Severity ; Details                                                          ;
+------+-------+----------+------------------------------------------------------------------+
; x    ; Input ; Info     ; Stuck at GND                                                     ;
; s    ; Input ; Info     ; Stuck at GND                                                     ;
+------+-------+----------+------------------------------------------------------------------+


+-------------------------------------------------------------------------------------------------------------------+
; Port Connectivity Checks: "MAC:MemoryAddressCtrl|Counter3:putCount|ContadorCrescente:C_CC|Adder3:CC_Adder"        ;
+---------+--------+----------+-------------------------------------------------------------------------------------+
; Port    ; Type   ; Severity ; Details                                                                             ;
+---------+--------+----------+-------------------------------------------------------------------------------------+
; a[2..1] ; Input  ; Info     ; Stuck at GND                                                                        ;
; c0      ; Input  ; Info     ; Stuck at GND                                                                        ;
; c3      ; Output ; Info     ; Connected to dangling logic. Logic that only feeds a dangling port will be removed. ;
+---------+--------+----------+-------------------------------------------------------------------------------------+


+-------------------------------------------------------------------------------------------------------------------+
; Port Connectivity Checks: "MAC:MemoryAddressCtrl|Counter3:putCount|ContadorCrescente:C_CC|Reg3:CC_Reg|FFD:R_FFD2" ;
+------+-------+----------+-----------------------------------------------------------------------------------------+
; Port ; Type  ; Severity ; Details                                                                                 ;
+------+-------+----------+-----------------------------------------------------------------------------------------+
; set  ; Input ; Info     ; Stuck at GND                                                                            ;
+------+-------+----------+-----------------------------------------------------------------------------------------+


+-------------------------------------------------------------------------------------------------------------------+
; Port Connectivity Checks: "MAC:MemoryAddressCtrl|Counter3:putCount|ContadorCrescente:C_CC|Reg3:CC_Reg|FFD:R_FFD1" ;
+------+-------+----------+-----------------------------------------------------------------------------------------+
; Port ; Type  ; Severity ; Details                                                                                 ;
+------+-------+----------+-----------------------------------------------------------------------------------------+
; set  ; Input ; Info     ; Stuck at GND                                                                            ;
+------+-------+----------+-----------------------------------------------------------------------------------------+


+-------------------------------------------------------------------------------------------------------------------+
; Port Connectivity Checks: "MAC:MemoryAddressCtrl|Counter3:putCount|ContadorCrescente:C_CC|Reg3:CC_Reg|FFD:R_FFD0" ;
+------+-------+----------+-----------------------------------------------------------------------------------------+
; Port ; Type  ; Severity ; Details                                                                                 ;
+------+-------+----------+-----------------------------------------------------------------------------------------+
; set  ; Input ; Info     ; Stuck at GND                                                                            ;
+------+-------+----------+-----------------------------------------------------------------------------------------+


+--------------------------------------------------------------------------------------------------------+
; Port Connectivity Checks: "MAC:MemoryAddressCtrl|Counter3:putCount|ContadorCrescente:C_CC|Reg3:CC_Reg" ;
+------+-------+----------+------------------------------------------------------------------------------+
; Port ; Type  ; Severity ; Details                                                                      ;
+------+-------+----------+------------------------------------------------------------------------------+
; e    ; Input ; Info     ; Stuck at VCC                                                                 ;
+------+-------+----------+------------------------------------------------------------------------------+


+---------------------------------------------------------------------------------------------------------------------------------------+
; Port Connectivity Checks: "MAC:MemoryAddressCtrl|Counter3:putCount|ContadorCrescente:C_CC"                                            ;
+--------+--------+----------+----------------------------------------------------------------------------------------------------------+
; Port   ; Type   ; Severity ; Details                                                                                                  ;
+--------+--------+----------+----------------------------------------------------------------------------------------------------------+
; datain ; Input  ; Info     ; Stuck at GND                                                                                             ;
; pl     ; Input  ; Info     ; Stuck at GND                                                                                             ;
; tc     ; Output ; Warning  ; Declared by entity but not connected by instance. Logic that only feeds a dangling port will be removed. ;
+--------+--------+----------+----------------------------------------------------------------------------------------------------------+


+-----------------------------------------------------+
; Post-Synthesis Netlist Statistics for Top Partition ;
+-----------------------+-----------------------------+
; Type                  ; Count                       ;
+-----------------------+-----------------------------+
; boundary_port         ; 14                          ;
; cycloneiii_ff         ; 17                          ;
;     CLR               ; 13                          ;
;     ENA CLR           ; 4                           ;
; cycloneiii_lcell_comb ; 97                          ;
;     normal            ; 97                          ;
;         1 data inputs ; 2                           ;
;         2 data inputs ; 5                           ;
;         3 data inputs ; 55                          ;
;         4 data inputs ; 35                          ;
;                       ;                             ;
; Max LUT depth         ; 5.00                        ;
; Average LUT depth     ; 2.67                        ;
+-----------------------+-----------------------------+


+-------------------------------+
; Elapsed Time Per Partition    ;
+----------------+--------------+
; Partition Name ; Elapsed Time ;
+----------------+--------------+
; Top            ; 00:00:00     ;
+----------------+--------------+


+-------------------------------+
; Analysis & Synthesis Messages ;
+-------------------------------+
Info: *******************************************************************
Info: Running Quartus Prime Analysis & Synthesis
    Info: Version 19.1.0 Build 670 09/22/2019 SJ Lite Edition
    Info: Processing started: Wed May 15 11:27:38 2024
Info: Command: quartus_map --read_settings_files=on --write_settings_files=off RingBuffer -c RingBuffer
Warning (18236): Number of processors has not been specified which may cause overloading on shared machines.  Set the global assignment NUM_PARALLEL_PROCESSORS in your QSF to an appropriate value for best performance.
Info (20030): Parallel compilation is enabled and will use 4 of the 4 processors detected
Info (12021): Found 2 design units, including 1 entities, in source file updowncounter.vhd
    Info (12022): Found design unit 1: UpDownCounter-structure File: C:/Users/ssrlo/ISEL/2324/2semestre/LIC/RingBuffer/UpDownCounter.vhd Line: 15
    Info (12023): Found entity 1: UpDownCounter File: C:/Users/ssrlo/ISEL/2324/2semestre/LIC/RingBuffer/UpDownCounter.vhd Line: 4
Info (12021): Found 2 design units, including 1 entities, in source file ringbuffercontrol.vhd
    Info (12022): Found design unit 1: RingBufferControl-behavioral File: C:/Users/ssrlo/ISEL/2324/2semestre/LIC/RingBuffer/RingBufferControl.vhd Line: 21
    Info (12023): Found entity 1: RingBufferControl File: C:/Users/ssrlo/ISEL/2324/2semestre/LIC/RingBuffer/RingBufferControl.vhd Line: 4
Info (12021): Found 2 design units, including 1 entities, in source file registo.vhd
    Info (12022): Found design unit 1: Registo-structure File: C:/Users/ssrlo/ISEL/2324/2semestre/LIC/RingBuffer/Registo.vhd Line: 15
    Info (12023): Found entity 1: Registo File: C:/Users/ssrlo/ISEL/2324/2semestre/LIC/RingBuffer/Registo.vhd Line: 4
Info (12021): Found 2 design units, including 1 entities, in source file reg3.vhd
    Info (12022): Found design unit 1: Reg3-structure File: C:/Users/ssrlo/ISEL/2324/2semestre/LIC/RingBuffer/Reg3.vhd Line: 15
    Info (12023): Found entity 1: Reg3 File: C:/Users/ssrlo/ISEL/2324/2semestre/LIC/RingBuffer/Reg3.vhd Line: 4
Info (12021): Found 2 design units, including 1 entities, in source file muxcont.vhd
    Info (12022): Found design unit 1: MuxCont-logicFunction File: C:/Users/ssrlo/ISEL/2324/2semestre/LIC/RingBuffer/MuxCont.vhd Line: 14
    Info (12023): Found entity 1: MuxCont File: C:/Users/ssrlo/ISEL/2324/2semestre/LIC/RingBuffer/MuxCont.vhd Line: 4
Info (12021): Found 2 design units, including 1 entities, in source file mux3.vhd
    Info (12022): Found design unit 1: MUX3-logicFunction File: C:/Users/ssrlo/ISEL/2324/2semestre/LIC/RingBuffer/MUX3.vhd Line: 14
    Info (12023): Found entity 1: MUX3 File: C:/Users/ssrlo/ISEL/2324/2semestre/LIC/RingBuffer/MUX3.vhd Line: 4
Info (12021): Found 2 design units, including 1 entities, in source file mux2bit.vhd
    Info (12022): Found design unit 1: Mux2bit-logicFunction File: C:/Users/ssrlo/ISEL/2324/2semestre/LIC/RingBuffer/Mux2bit.vhd Line: 14
    Info (12023): Found entity 1: Mux2bit File: C:/Users/ssrlo/ISEL/2324/2semestre/LIC/RingBuffer/Mux2bit.vhd Line: 4
Info (12021): Found 2 design units, including 1 entities, in source file mac.vhd
    Info (12022): Found design unit 1: MAC-structure File: C:/Users/ssrlo/ISEL/2324/2semestre/LIC/RingBuffer/MAC.vhd Line: 17
    Info (12023): Found entity 1: MAC File: C:/Users/ssrlo/ISEL/2324/2semestre/LIC/RingBuffer/MAC.vhd Line: 4
Info (12021): Found 2 design units, including 1 entities, in source file ha.vhd
    Info (12022): Found design unit 1: HA-structural File: C:/Users/ssrlo/ISEL/2324/2semestre/LIC/RingBuffer/HA.vhd Line: 14
    Info (12023): Found entity 1: HA File: C:/Users/ssrlo/ISEL/2324/2semestre/LIC/RingBuffer/HA.vhd Line: 4
Info (12021): Found 2 design units, including 1 entities, in source file ffd.vhd
    Info (12022): Found design unit 1: FFD-logicFunction File: C:/Users/ssrlo/ISEL/2324/2semestre/LIC/RingBuffer/FFD.vhd Line: 16
    Info (12023): Found entity 1: FFD File: C:/Users/ssrlo/ISEL/2324/2semestre/LIC/RingBuffer/FFD.vhd Line: 4
Info (12021): Found 2 design units, including 1 entities, in source file fa.vhd
    Info (12022): Found design unit 1: FA-structural File: C:/Users/ssrlo/ISEL/2324/2semestre/LIC/RingBuffer/FA.vhd Line: 15
    Info (12023): Found entity 1: FA File: C:/Users/ssrlo/ISEL/2324/2semestre/LIC/RingBuffer/FA.vhd Line: 4
Info (12021): Found 2 design units, including 1 entities, in source file counter3.vhd
    Info (12022): Found design unit 1: Counter3-structure File: C:/Users/ssrlo/ISEL/2324/2semestre/LIC/RingBuffer/Counter3.vhd Line: 14
    Info (12023): Found entity 1: Counter3 File: C:/Users/ssrlo/ISEL/2324/2semestre/LIC/RingBuffer/Counter3.vhd Line: 4
Info (12021): Found 2 design units, including 1 entities, in source file contadorcrescente.vhd
    Info (12022): Found design unit 1: ContadorCrescente-structure File: C:/Users/ssrlo/ISEL/2324/2semestre/LIC/RingBuffer/ContadorCrescente.vhd Line: 17
    Info (12023): Found entity 1: ContadorCrescente File: C:/Users/ssrlo/ISEL/2324/2semestre/LIC/RingBuffer/ContadorCrescente.vhd Line: 4
Info (12021): Found 2 design units, including 1 entities, in source file cont.vhd
    Info (12022): Found design unit 1: Cont-structure File: C:/Users/ssrlo/ISEL/2324/2semestre/LIC/RingBuffer/Cont.vhd Line: 14
    Info (12023): Found entity 1: Cont File: C:/Users/ssrlo/ISEL/2324/2semestre/LIC/RingBuffer/Cont.vhd Line: 4
Info (12021): Found 2 design units, including 1 entities, in source file addersubtractor.vhd
    Info (12022): Found design unit 1: adderSubtractor-structure File: C:/Users/ssrlo/ISEL/2324/2semestre/LIC/RingBuffer/adderSubtractor.vhd Line: 16
    Info (12023): Found entity 1: adderSubtractor File: C:/Users/ssrlo/ISEL/2324/2semestre/LIC/RingBuffer/adderSubtractor.vhd Line: 4
Info (12021): Found 2 design units, including 1 entities, in source file adder4.vhd
    Info (12022): Found design unit 1: adder4-structural File: C:/Users/ssrlo/ISEL/2324/2semestre/LIC/RingBuffer/adder4.vhd Line: 15
    Info (12023): Found entity 1: adder4 File: C:/Users/ssrlo/ISEL/2324/2semestre/LIC/RingBuffer/adder4.vhd Line: 4
Info (12021): Found 2 design units, including 1 entities, in source file adder3.vhd
    Info (12022): Found design unit 1: Adder3-structural File: C:/Users/ssrlo/ISEL/2324/2semestre/LIC/RingBuffer/Adder3.vhd Line: 15
    Info (12023): Found entity 1: Adder3 File: C:/Users/ssrlo/ISEL/2324/2semestre/LIC/RingBuffer/Adder3.vhd Line: 4
Info (12021): Found 2 design units, including 1 entities, in source file ram.vhd
    Info (12022): Found design unit 1: RAM-behavioral File: C:/Users/ssrlo/ISEL/2324/2semestre/LIC/RingBuffer/RAM.vhd Line: 34
    Info (12023): Found entity 1: RAM File: C:/Users/ssrlo/ISEL/2324/2semestre/LIC/RingBuffer/RAM.vhd Line: 21
Info (12021): Found 2 design units, including 1 entities, in source file ringbuffer.vhd
    Info (12022): Found design unit 1: RingBuffer-structure File: C:/Users/ssrlo/ISEL/2324/2semestre/LIC/RingBuffer/RingBuffer.vhd Line: 17
    Info (12023): Found entity 1: RingBuffer File: C:/Users/ssrlo/ISEL/2324/2semestre/LIC/RingBuffer/RingBuffer.vhd Line: 4
Info (12127): Elaborating entity "RingBuffer" for the top level hierarchy
Info (12128): Elaborating entity "RingBufferControl" for hierarchy "RingBufferControl:RingBufferCtrl" File: C:/Users/ssrlo/ISEL/2324/2semestre/LIC/RingBuffer/RingBuffer.vhd Line: 76
Warning (10631): VHDL Process Statement warning at RingBufferControl.vhd(31): inferring latch(es) for signal or variable "NextState", which holds its previous value in one or more paths through the process File: C:/Users/ssrlo/ISEL/2324/2semestre/LIC/RingBuffer/RingBufferControl.vhd Line: 31
Info (10041): Inferred latch for "NextState.STATE_110" at RingBufferControl.vhd(31) File: C:/Users/ssrlo/ISEL/2324/2semestre/LIC/RingBuffer/RingBufferControl.vhd Line: 31
Info (10041): Inferred latch for "NextState.STATE_101" at RingBufferControl.vhd(31) File: C:/Users/ssrlo/ISEL/2324/2semestre/LIC/RingBuffer/RingBufferControl.vhd Line: 31
Info (10041): Inferred latch for "NextState.STATE_100" at RingBufferControl.vhd(31) File: C:/Users/ssrlo/ISEL/2324/2semestre/LIC/RingBuffer/RingBufferControl.vhd Line: 31
Info (10041): Inferred latch for "NextState.STATE_011" at RingBufferControl.vhd(31) File: C:/Users/ssrlo/ISEL/2324/2semestre/LIC/RingBuffer/RingBufferControl.vhd Line: 31
Info (10041): Inferred latch for "NextState.STATE_010" at RingBufferControl.vhd(31) File: C:/Users/ssrlo/ISEL/2324/2semestre/LIC/RingBuffer/RingBufferControl.vhd Line: 31
Info (10041): Inferred latch for "NextState.STATE_001" at RingBufferControl.vhd(31) File: C:/Users/ssrlo/ISEL/2324/2semestre/LIC/RingBuffer/RingBufferControl.vhd Line: 31
Info (10041): Inferred latch for "NextState.STATE_000" at RingBufferControl.vhd(31) File: C:/Users/ssrlo/ISEL/2324/2semestre/LIC/RingBuffer/RingBufferControl.vhd Line: 31
Info (12128): Elaborating entity "MAC" for hierarchy "MAC:MemoryAddressCtrl" File: C:/Users/ssrlo/ISEL/2324/2semestre/LIC/RingBuffer/RingBuffer.vhd Line: 91
Info (12128): Elaborating entity "Counter3" for hierarchy "MAC:MemoryAddressCtrl|Counter3:putCount" File: C:/Users/ssrlo/ISEL/2324/2semestre/LIC/RingBuffer/MAC.vhd Line: 56
Info (12128): Elaborating entity "ContadorCrescente" for hierarchy "MAC:MemoryAddressCtrl|Counter3:putCount|ContadorCrescente:C_CC" File: C:/Users/ssrlo/ISEL/2324/2semestre/LIC/RingBuffer/Counter3.vhd Line: 29
Info (12128): Elaborating entity "Reg3" for hierarchy "MAC:MemoryAddressCtrl|Counter3:putCount|ContadorCrescente:C_CC|Reg3:CC_Reg" File: C:/Users/ssrlo/ISEL/2324/2semestre/LIC/RingBuffer/ContadorCrescente.vhd Line: 60
Info (12128): Elaborating entity "FFD" for hierarchy "MAC:MemoryAddressCtrl|Counter3:putCount|ContadorCrescente:C_CC|Reg3:CC_Reg|FFD:R_FFD0" File: C:/Users/ssrlo/ISEL/2324/2semestre/LIC/RingBuffer/Reg3.vhd Line: 30
Info (12128): Elaborating entity "Adder3" for hierarchy "MAC:MemoryAddressCtrl|Counter3:putCount|ContadorCrescente:C_CC|Adder3:CC_Adder" File: C:/Users/ssrlo/ISEL/2324/2semestre/LIC/RingBuffer/ContadorCrescente.vhd Line: 61
Info (12128): Elaborating entity "FA" for hierarchy "MAC:MemoryAddressCtrl|Counter3:putCount|ContadorCrescente:C_CC|Adder3:CC_Adder|FA:A_FA0" File: C:/Users/ssrlo/ISEL/2324/2semestre/LIC/RingBuffer/Adder3.vhd Line: 31
Info (12128): Elaborating entity "HA" for hierarchy "MAC:MemoryAddressCtrl|Counter3:putCount|ContadorCrescente:C_CC|Adder3:CC_Adder|FA:A_FA0|HA:FA_HA0" File: C:/Users/ssrlo/ISEL/2324/2semestre/LIC/RingBuffer/FA.vhd Line: 31
Info (12128): Elaborating entity "MUX3" for hierarchy "MAC:MemoryAddressCtrl|Counter3:putCount|ContadorCrescente:C_CC|MUX3:CC_MUX" File: C:/Users/ssrlo/ISEL/2324/2semestre/LIC/RingBuffer/ContadorCrescente.vhd Line: 62
Info (12128): Elaborating entity "Mux2bit" for hierarchy "MAC:MemoryAddressCtrl|Mux2bit:mux" File: C:/Users/ssrlo/ISEL/2324/2semestre/LIC/RingBuffer/MAC.vhd Line: 70
Info (12128): Elaborating entity "UpDownCounter" for hierarchy "MAC:MemoryAddressCtrl|UpDownCounter:UpDownCount" File: C:/Users/ssrlo/ISEL/2324/2semestre/LIC/RingBuffer/MAC.vhd Line: 77
Info (12128): Elaborating entity "MuxCont" for hierarchy "MAC:MemoryAddressCtrl|UpDownCounter:UpDownCount|MuxCont:EC_MUX" File: C:/Users/ssrlo/ISEL/2324/2semestre/LIC/RingBuffer/UpDownCounter.vhd Line: 62
Info (12128): Elaborating entity "Registo" for hierarchy "MAC:MemoryAddressCtrl|UpDownCounter:UpDownCount|Registo:EC_Reg" File: C:/Users/ssrlo/ISEL/2324/2semestre/LIC/RingBuffer/UpDownCounter.vhd Line: 69
Info (12128): Elaborating entity "adderSubtractor" for hierarchy "MAC:MemoryAddressCtrl|UpDownCounter:UpDownCount|adderSubtractor:EC_AS" File: C:/Users/ssrlo/ISEL/2324/2semestre/LIC/RingBuffer/UpDownCounter.vhd Line: 77
Info (12128): Elaborating entity "adder4" for hierarchy "MAC:MemoryAddressCtrl|UpDownCounter:UpDownCount|adderSubtractor:EC_AS|adder4:AS_Adder" File: C:/Users/ssrlo/ISEL/2324/2semestre/LIC/RingBuffer/adderSubtractor.vhd Line: 40
Info (12128): Elaborating entity "RAM" for hierarchy "RAM:R" File: C:/Users/ssrlo/ISEL/2324/2semestre/LIC/RingBuffer/RingBuffer.vhd Line: 102
Warning (10492): VHDL Process Statement warning at RAM.vhd(43): signal "ram" is read inside the Process Statement but isn't in the Process Statement's sensitivity list File: C:/Users/ssrlo/ISEL/2324/2semestre/LIC/RingBuffer/RAM.vhd Line: 43
Warning (10492): VHDL Process Statement warning at RAM.vhd(46): signal "din" is read inside the Process Statement but isn't in the Process Statement's sensitivity list File: C:/Users/ssrlo/ISEL/2324/2semestre/LIC/RingBuffer/RAM.vhd Line: 46
Warning (12241): 1 hierarchies have connectivity warnings - see the Connectivity Checks report folder
Warning (13012): Latch RingBufferControl:RingBufferCtrl|NextState.STATE_011_237 has unsafe behavior File: C:/Users/ssrlo/ISEL/2324/2semestre/LIC/RingBuffer/RingBufferControl.vhd Line: 31
    Warning (13013): Ports D and ENA on the latch are fed by the same signal DAV File: C:/Users/ssrlo/ISEL/2324/2semestre/LIC/RingBuffer/RingBuffer.vhd Line: 8
Warning (13012): Latch RingBufferControl:RingBufferCtrl|NextState.STATE_110_183 has unsafe behavior File: C:/Users/ssrlo/ISEL/2324/2semestre/LIC/RingBuffer/RingBufferControl.vhd Line: 31
    Warning (13013): Ports D and ENA on the latch are fed by the same signal DAV File: C:/Users/ssrlo/ISEL/2324/2semestre/LIC/RingBuffer/RingBuffer.vhd Line: 8
Warning (13012): Latch RingBufferControl:RingBufferCtrl|NextState.STATE_000_291 has unsafe behavior File: C:/Users/ssrlo/ISEL/2324/2semestre/LIC/RingBuffer/RingBufferControl.vhd Line: 31
    Warning (13013): Ports D and ENA on the latch are fed by the same signal RingBufferControl:RingBufferCtrl|CurrentState.STATE_000 File: C:/Users/ssrlo/ISEL/2324/2semestre/LIC/RingBuffer/RingBufferControl.vhd Line: 24
Info (286030): Timing-Driven Synthesis is running
Info (16010): Generating hard_block partition "hard_block:auto_generated_inst"
    Info (16011): Adding 0 node(s), including 0 DDIO, 0 PLL, 0 transceiver and 0 LCELL
Info (21057): Implemented 117 device resources after synthesis - the final resource count might be different
    Info (21058): Implemented 8 input pins
    Info (21059): Implemented 6 output pins
    Info (21061): Implemented 103 logic cells
Info: Quartus Prime Analysis & Synthesis was successful. 0 errors, 11 warnings
    Info: Peak virtual memory: 4800 megabytes
    Info: Processing ended: Wed May 15 11:27:45 2024
    Info: Elapsed time: 00:00:07
    Info: Total CPU time (on all processors): 00:00:08


