Analysis & Synthesis report for SSC
Wed Apr 24 10:07:08 2024
Quartus Prime Version 19.1.0 Build 670 09/22/2019 SJ Lite Edition


---------------------
; Table of Contents ;
---------------------
  1. Legal Notice
  2. Analysis & Synthesis Summary
  3. Analysis & Synthesis Settings
  4. Parallel Compilation
  5. Analysis & Synthesis Source Files Read
  6. Analysis & Synthesis Resource Usage Summary
  7. Analysis & Synthesis Resource Utilization by Entity
  8. State Machine - |SSC|SerialReceiver:SReceiver|SerialControl:SC|CurrentState
  9. General Register Statistics
 10. Port Connectivity Checks: "SerialReceiver:SReceiver|Cont:Counter|ContadorCrescente:U1|adder4:CC_Adder"
 11. Port Connectivity Checks: "SerialReceiver:SReceiver|Cont:Counter|ContadorCrescente:U1|Registo:CC_Reg|FFD:FFD4"
 12. Port Connectivity Checks: "SerialReceiver:SReceiver|Cont:Counter|ContadorCrescente:U1|Registo:CC_Reg|FFD:FFD3"
 13. Port Connectivity Checks: "SerialReceiver:SReceiver|Cont:Counter|ContadorCrescente:U1|Registo:CC_Reg|FFD:FFD2"
 14. Port Connectivity Checks: "SerialReceiver:SReceiver|Cont:Counter|ContadorCrescente:U1|Registo:CC_Reg|FFD:FFD1"
 15. Port Connectivity Checks: "SerialReceiver:SReceiver|Cont:Counter|ContadorCrescente:U1|Registo:CC_Reg"
 16. Port Connectivity Checks: "SerialReceiver:SReceiver|Cont:Counter|ContadorCrescente:U1"
 17. Port Connectivity Checks: "SerialReceiver:SReceiver|Cont:Counter"
 18. Port Connectivity Checks: "SerialReceiver:SReceiver|ShiftRegister:ShRegister|FFD:U7"
 19. Port Connectivity Checks: "SerialReceiver:SReceiver|ShiftRegister:ShRegister|FFD:U6"
 20. Port Connectivity Checks: "SerialReceiver:SReceiver|ShiftRegister:ShRegister|FFD:U5"
 21. Port Connectivity Checks: "SerialReceiver:SReceiver|ShiftRegister:ShRegister|FFD:U4"
 22. Port Connectivity Checks: "SerialReceiver:SReceiver|ShiftRegister:ShRegister|FFD:U3"
 23. Port Connectivity Checks: "SerialReceiver:SReceiver|ShiftRegister:ShRegister|FFD:U2"
 24. Port Connectivity Checks: "SerialReceiver:SReceiver|ShiftRegister:ShRegister|FFD:U1"
 25. Port Connectivity Checks: "SerialReceiver:SReceiver|ParityCheck:Pcheck|Cont1bit:counter|ContadorCrescente1bit:U1|adder1bit:CC_Adder|FA:FA1"
 26. Port Connectivity Checks: "SerialReceiver:SReceiver|ParityCheck:Pcheck|Cont1bit:counter|ContadorCrescente1bit:U1|adder1bit:CC_Adder"
 27. Port Connectivity Checks: "SerialReceiver:SReceiver|ParityCheck:Pcheck|Cont1bit:counter|ContadorCrescente1bit:U1|Registo1bit:CC_Reg|FFD:FFD1"
 28. Port Connectivity Checks: "SerialReceiver:SReceiver|ParityCheck:Pcheck|Cont1bit:counter|ContadorCrescente1bit:U1|Registo1bit:CC_Reg"
 29. Port Connectivity Checks: "SerialReceiver:SReceiver|ParityCheck:Pcheck|Cont1bit:counter|ContadorCrescente1bit:U1"
 30. Post-Synthesis Netlist Statistics for Top Partition
 31. Elapsed Time Per Partition
 32. Analysis & Synthesis Messages



----------------
; Legal Notice ;
----------------
Copyright (C) 2019  Intel Corporation. All rights reserved.
Your use of Intel Corporation's design tools, logic functions 
and other software and tools, and any partner logic 
functions, and any output files from any of the foregoing 
(including device programming or simulation files), and any 
associated documentation or information are expressly subject 
to the terms and conditions of the Intel Program License 
Subscription Agreement, the Intel Quartus Prime License Agreement,
the Intel FPGA IP License Agreement, or other applicable license
agreement, including, without limitation, that your use is for
the sole purpose of programming logic devices manufactured by
Intel and sold by Intel or its authorized distributors.  Please
refer to the applicable agreement for further details, at
https://fpgasoftware.intel.com/eula.



+----------------------------------------------------------------------------------+
; Analysis & Synthesis Summary                                                     ;
+------------------------------------+---------------------------------------------+
; Analysis & Synthesis Status        ; Successful - Wed Apr 24 10:07:08 2024       ;
; Quartus Prime Version              ; 19.1.0 Build 670 09/22/2019 SJ Lite Edition ;
; Revision Name                      ; SSC                                         ;
; Top-level Entity Name              ; SSC                                         ;
; Family                             ; MAX 10                                      ;
; Total logic elements               ; 22                                          ;
;     Total combinational functions  ; 15                                          ;
;     Dedicated logic registers      ; 17                                          ;
; Total registers                    ; 17                                          ;
; Total pins                         ; 14                                          ;
; Total virtual pins                 ; 0                                           ;
; Total memory bits                  ; 0                                           ;
; Embedded Multiplier 9-bit elements ; 0                                           ;
; Total PLLs                         ; 0                                           ;
; UFM blocks                         ; 0                                           ;
; ADC blocks                         ; 0                                           ;
+------------------------------------+---------------------------------------------+


+------------------------------------------------------------------------------------------------------------+
; Analysis & Synthesis Settings                                                                              ;
+------------------------------------------------------------------+--------------------+--------------------+
; Option                                                           ; Setting            ; Default Value      ;
+------------------------------------------------------------------+--------------------+--------------------+
; Device                                                           ; 10M50DAF484C6GES   ;                    ;
; Top-level entity name                                            ; SSC                ; SSC                ;
; Family name                                                      ; MAX 10             ; Cyclone V          ;
; Use smart compilation                                            ; Off                ; Off                ;
; Enable parallel Assembler and Timing Analyzer during compilation ; On                 ; On                 ;
; Enable compact report table                                      ; Off                ; Off                ;
; Restructure Multiplexers                                         ; Auto               ; Auto               ;
; Create Debugging Nodes for IP Cores                              ; Off                ; Off                ;
; Preserve fewer node names                                        ; On                 ; On                 ;
; Intel FPGA IP Evaluation Mode                                    ; Enable             ; Enable             ;
; Verilog Version                                                  ; Verilog_2001       ; Verilog_2001       ;
; VHDL Version                                                     ; VHDL_1993          ; VHDL_1993          ;
; State Machine Processing                                         ; Auto               ; Auto               ;
; Safe State Machine                                               ; Off                ; Off                ;
; Extract Verilog State Machines                                   ; On                 ; On                 ;
; Extract VHDL State Machines                                      ; On                 ; On                 ;
; Ignore Verilog initial constructs                                ; Off                ; Off                ;
; Iteration limit for constant Verilog loops                       ; 5000               ; 5000               ;
; Iteration limit for non-constant Verilog loops                   ; 250                ; 250                ;
; Add Pass-Through Logic to Inferred RAMs                          ; On                 ; On                 ;
; Infer RAMs from Raw Logic                                        ; On                 ; On                 ;
; Parallel Synthesis                                               ; On                 ; On                 ;
; DSP Block Balancing                                              ; Auto               ; Auto               ;
; NOT Gate Push-Back                                               ; On                 ; On                 ;
; Power-Up Don't Care                                              ; On                 ; On                 ;
; Remove Redundant Logic Cells                                     ; Off                ; Off                ;
; Remove Duplicate Registers                                       ; On                 ; On                 ;
; Ignore CARRY Buffers                                             ; Off                ; Off                ;
; Ignore CASCADE Buffers                                           ; Off                ; Off                ;
; Ignore GLOBAL Buffers                                            ; Off                ; Off                ;
; Ignore ROW GLOBAL Buffers                                        ; Off                ; Off                ;
; Ignore LCELL Buffers                                             ; Off                ; Off                ;
; Ignore SOFT Buffers                                              ; On                 ; On                 ;
; Limit AHDL Integers to 32 Bits                                   ; Off                ; Off                ;
; Optimization Technique                                           ; Balanced           ; Balanced           ;
; Carry Chain Length                                               ; 70                 ; 70                 ;
; Auto Carry Chains                                                ; On                 ; On                 ;
; Auto Open-Drain Pins                                             ; On                 ; On                 ;
; Perform WYSIWYG Primitive Resynthesis                            ; Off                ; Off                ;
; Auto ROM Replacement                                             ; On                 ; On                 ;
; Auto RAM Replacement                                             ; On                 ; On                 ;
; Auto DSP Block Replacement                                       ; On                 ; On                 ;
; Auto Shift Register Replacement                                  ; Auto               ; Auto               ;
; Allow Shift Register Merging across Hierarchies                  ; Auto               ; Auto               ;
; Auto Clock Enable Replacement                                    ; On                 ; On                 ;
; Strict RAM Replacement                                           ; Off                ; Off                ;
; Allow Synchronous Control Signals                                ; On                 ; On                 ;
; Force Use of Synchronous Clear Signals                           ; Off                ; Off                ;
; Auto RAM Block Balancing                                         ; On                 ; On                 ;
; Auto RAM to Logic Cell Conversion                                ; Off                ; Off                ;
; Auto Resource Sharing                                            ; Off                ; Off                ;
; Allow Any RAM Size For Recognition                               ; Off                ; Off                ;
; Allow Any ROM Size For Recognition                               ; Off                ; Off                ;
; Allow Any Shift Register Size For Recognition                    ; Off                ; Off                ;
; Use LogicLock Constraints during Resource Balancing              ; On                 ; On                 ;
; Ignore translate_off and synthesis_off directives                ; Off                ; Off                ;
; Timing-Driven Synthesis                                          ; On                 ; On                 ;
; Report Parameter Settings                                        ; On                 ; On                 ;
; Report Source Assignments                                        ; On                 ; On                 ;
; Report Connectivity Checks                                       ; On                 ; On                 ;
; Ignore Maximum Fan-Out Assignments                               ; Off                ; Off                ;
; Synchronization Register Chain Length                            ; 2                  ; 2                  ;
; Power Optimization During Synthesis                              ; Normal compilation ; Normal compilation ;
; HDL message level                                                ; Level2             ; Level2             ;
; Suppress Register Optimization Related Messages                  ; Off                ; Off                ;
; Number of Removed Registers Reported in Synthesis Report         ; 5000               ; 5000               ;
; Number of Swept Nodes Reported in Synthesis Report               ; 5000               ; 5000               ;
; Number of Inverted Registers Reported in Synthesis Report        ; 100                ; 100                ;
; Clock MUX Protection                                             ; On                 ; On                 ;
; Auto Gated Clock Conversion                                      ; Off                ; Off                ;
; Block Design Naming                                              ; Auto               ; Auto               ;
; SDC constraint protection                                        ; Off                ; Off                ;
; Synthesis Effort                                                 ; Auto               ; Auto               ;
; Shift Register Replacement - Allow Asynchronous Clear Signal     ; On                 ; On                 ;
; Pre-Mapping Resynthesis Optimization                             ; Off                ; Off                ;
; Analysis & Synthesis Message Level                               ; Medium             ; Medium             ;
; Disable Register Merging Across Hierarchies                      ; Auto               ; Auto               ;
; Resource Aware Inference For Block RAM                           ; On                 ; On                 ;
+------------------------------------------------------------------+--------------------+--------------------+


+------------------------------------------+
; Parallel Compilation                     ;
+----------------------------+-------------+
; Processors                 ; Number      ;
+----------------------------+-------------+
; Number detected on machine ; 8           ;
; Maximum allowed            ; 4           ;
;                            ;             ;
; Average used               ; 1.00        ;
; Maximum used               ; 4           ;
;                            ;             ;
; Usage by Processor         ; % Time Used ;
;     Processor 1            ; 100.0%      ;
;     Processors 2-4         ;   0.0%      ;
+----------------------------+-------------+


+------------------------------------------------------------------------------------------------------------------------------------------------------------------+
; Analysis & Synthesis Source Files Read                                                                                                                           ;
+------------------------------------+-----------------+-----------------+-------------------------------------------------------------------------------+---------+
; File Name with User-Entered Path   ; Used in Netlist ; File Type       ; File Name with Absolute Path                                                  ; Library ;
+------------------------------------+-----------------+-----------------+-------------------------------------------------------------------------------+---------+
; cont4bit/Registo.vhd               ; yes             ; User VHDL File  ; C:/Users/ssrlo/ISEL/2324/2semestre/LIC/SSC/cont4bit/Registo.vhd               ;         ;
; cont4bit/MuxCont.vhd               ; yes             ; User VHDL File  ; C:/Users/ssrlo/ISEL/2324/2semestre/LIC/SSC/cont4bit/MuxCont.vhd               ;         ;
; cont4bit/ContadorCrescente.vhd     ; yes             ; User VHDL File  ; C:/Users/ssrlo/ISEL/2324/2semestre/LIC/SSC/cont4bit/ContadorCrescente.vhd     ;         ;
; cont4bit/Cont.vhd                  ; yes             ; User VHDL File  ; C:/Users/ssrlo/ISEL/2324/2semestre/LIC/SSC/cont4bit/Cont.vhd                  ;         ;
; cont4bit/adder4.vhd                ; yes             ; User VHDL File  ; C:/Users/ssrlo/ISEL/2324/2semestre/LIC/SSC/cont4bit/adder4.vhd                ;         ;
; cont1bit/Registo1bit.vhd           ; yes             ; User VHDL File  ; C:/Users/ssrlo/ISEL/2324/2semestre/LIC/SSC/cont1bit/Registo1bit.vhd           ;         ;
; cont1bit/MuxCont1bit.vhd           ; yes             ; User VHDL File  ; C:/Users/ssrlo/ISEL/2324/2semestre/LIC/SSC/cont1bit/MuxCont1bit.vhd           ;         ;
; cont1bit/ContadorCrescente1bit.vhd ; yes             ; User VHDL File  ; C:/Users/ssrlo/ISEL/2324/2semestre/LIC/SSC/cont1bit/ContadorCrescente1bit.vhd ;         ;
; cont1bit/Cont1bit.vhd              ; yes             ; User VHDL File  ; C:/Users/ssrlo/ISEL/2324/2semestre/LIC/SSC/cont1bit/Cont1bit.vhd              ;         ;
; cont1bit/adder1.vhd                ; yes             ; User VHDL File  ; C:/Users/ssrlo/ISEL/2324/2semestre/LIC/SSC/cont1bit/adder1.vhd                ;         ;
; ShiftRegister.vhd                  ; yes             ; User VHDL File  ; C:/Users/ssrlo/ISEL/2324/2semestre/LIC/SSC/ShiftRegister.vhd                  ;         ;
; SerialReceiver.vhd                 ; yes             ; User VHDL File  ; C:/Users/ssrlo/ISEL/2324/2semestre/LIC/SSC/SerialReceiver.vhd                 ;         ;
; SerialControl.vhd                  ; yes             ; User VHDL File  ; C:/Users/ssrlo/ISEL/2324/2semestre/LIC/SSC/SerialControl.vhd                  ;         ;
; ParityCheck.vhd                    ; yes             ; User VHDL File  ; C:/Users/ssrlo/ISEL/2324/2semestre/LIC/SSC/ParityCheck.vhd                    ;         ;
; HA.vhd                             ; yes             ; User VHDL File  ; C:/Users/ssrlo/ISEL/2324/2semestre/LIC/SSC/HA.vhd                             ;         ;
; FFD.vhd                            ; yes             ; User VHDL File  ; C:/Users/ssrlo/ISEL/2324/2semestre/LIC/SSC/FFD.vhd                            ;         ;
; FA.vhd                             ; yes             ; User VHDL File  ; C:/Users/ssrlo/ISEL/2324/2semestre/LIC/SSC/FA.vhd                             ;         ;
; SSC.vhd                            ; yes             ; User VHDL File  ; C:/Users/ssrlo/ISEL/2324/2semestre/LIC/SSC/SSC.vhd                            ;         ;
+------------------------------------+-----------------+-----------------+-------------------------------------------------------------------------------+---------+


+---------------------------------------------------------+
; Analysis & Synthesis Resource Usage Summary             ;
+---------------------------------------------+-----------+
; Resource                                    ; Usage     ;
+---------------------------------------------+-----------+
; Estimated Total logic elements              ; 22        ;
;                                             ;           ;
; Total combinational functions               ; 15        ;
; Logic element usage by number of LUT inputs ;           ;
;     -- 4 input functions                    ; 8         ;
;     -- 3 input functions                    ; 1         ;
;     -- <=2 input functions                  ; 6         ;
;                                             ;           ;
; Logic elements by mode                      ;           ;
;     -- normal mode                          ; 15        ;
;     -- arithmetic mode                      ; 0         ;
;                                             ;           ;
; Total registers                             ; 17        ;
;     -- Dedicated logic registers            ; 17        ;
;     -- I/O registers                        ; 0         ;
;                                             ;           ;
; I/O pins                                    ; 14        ;
;                                             ;           ;
; Embedded Multiplier 9-bit elements          ; 0         ;
;                                             ;           ;
; Maximum fan-out node                        ; rst~input ;
; Maximum fan-out                             ; 12        ;
; Total fan-out                               ; 126       ;
; Average fan-out                             ; 2.10      ;
+---------------------------------------------+-----------+


+-------------------------------------------------------------------------------------------------------------------------------------------------------------------------------------------------------------------------------------------------------------------------------------------------------------------------------------------------------------+
; Analysis & Synthesis Resource Utilization by Entity                                                                                                                                                                                                                                                                                                         ;
+----------------------------------------+---------------------+---------------------------+-------------+------------+--------------+---------+-----------+------+--------------+------------+------------------------------------------------------------------------------------------------------------------------+-----------------------+--------------+
; Compilation Hierarchy Node             ; Combinational ALUTs ; Dedicated Logic Registers ; Memory Bits ; UFM Blocks ; DSP Elements ; DSP 9x9 ; DSP 18x18 ; Pins ; Virtual Pins ; ADC blocks ; Full Hierarchy Name                                                                                                    ; Entity Name           ; Library Name ;
+----------------------------------------+---------------------+---------------------------+-------------+------------+--------------+---------+-----------+------+--------------+------------+------------------------------------------------------------------------------------------------------------------------+-----------------------+--------------+
; |SSC                                   ; 15 (0)              ; 17 (0)                    ; 0           ; 0          ; 0            ; 0       ; 0         ; 14   ; 0            ; 0          ; |SSC                                                                                                                   ; SSC                   ; work         ;
;    |SerialReceiver:SReceiver|          ; 15 (0)              ; 17 (0)                    ; 0           ; 0          ; 0            ; 0       ; 0         ; 0    ; 0            ; 0          ; |SSC|SerialReceiver:SReceiver                                                                                          ; SerialReceiver        ; work         ;
;       |Cont:Counter|                   ; 4 (0)               ; 4 (0)                     ; 0           ; 0          ; 0            ; 0       ; 0         ; 0    ; 0            ; 0          ; |SSC|SerialReceiver:SReceiver|Cont:Counter                                                                             ; Cont                  ; work         ;
;          |ContadorCrescente:U1|        ; 4 (0)               ; 4 (0)                     ; 0           ; 0          ; 0            ; 0       ; 0         ; 0    ; 0            ; 0          ; |SSC|SerialReceiver:SReceiver|Cont:Counter|ContadorCrescente:U1                                                        ; ContadorCrescente     ; work         ;
;             |Registo:CC_Reg|           ; 4 (0)               ; 4 (0)                     ; 0           ; 0          ; 0            ; 0       ; 0         ; 0    ; 0            ; 0          ; |SSC|SerialReceiver:SReceiver|Cont:Counter|ContadorCrescente:U1|Registo:CC_Reg                                         ; Registo               ; work         ;
;                |FFD:FFD1|              ; 1 (1)               ; 1 (1)                     ; 0           ; 0          ; 0            ; 0       ; 0         ; 0    ; 0            ; 0          ; |SSC|SerialReceiver:SReceiver|Cont:Counter|ContadorCrescente:U1|Registo:CC_Reg|FFD:FFD1                                ; FFD                   ; work         ;
;                |FFD:FFD2|              ; 1 (1)               ; 1 (1)                     ; 0           ; 0          ; 0            ; 0       ; 0         ; 0    ; 0            ; 0          ; |SSC|SerialReceiver:SReceiver|Cont:Counter|ContadorCrescente:U1|Registo:CC_Reg|FFD:FFD2                                ; FFD                   ; work         ;
;                |FFD:FFD3|              ; 1 (1)               ; 1 (1)                     ; 0           ; 0          ; 0            ; 0       ; 0         ; 0    ; 0            ; 0          ; |SSC|SerialReceiver:SReceiver|Cont:Counter|ContadorCrescente:U1|Registo:CC_Reg|FFD:FFD3                                ; FFD                   ; work         ;
;                |FFD:FFD4|              ; 1 (1)               ; 1 (1)                     ; 0           ; 0          ; 0            ; 0       ; 0         ; 0    ; 0            ; 0          ; |SSC|SerialReceiver:SReceiver|Cont:Counter|ContadorCrescente:U1|Registo:CC_Reg|FFD:FFD4                                ; FFD                   ; work         ;
;       |ParityCheck:Pcheck|             ; 1 (0)               ; 1 (0)                     ; 0           ; 0          ; 0            ; 0       ; 0         ; 0    ; 0            ; 0          ; |SSC|SerialReceiver:SReceiver|ParityCheck:Pcheck                                                                       ; ParityCheck           ; work         ;
;          |Cont1bit:counter|            ; 1 (0)               ; 1 (0)                     ; 0           ; 0          ; 0            ; 0       ; 0         ; 0    ; 0            ; 0          ; |SSC|SerialReceiver:SReceiver|ParityCheck:Pcheck|Cont1bit:counter                                                      ; Cont1bit              ; work         ;
;             |ContadorCrescente1bit:U1| ; 1 (0)               ; 1 (0)                     ; 0           ; 0          ; 0            ; 0       ; 0         ; 0    ; 0            ; 0          ; |SSC|SerialReceiver:SReceiver|ParityCheck:Pcheck|Cont1bit:counter|ContadorCrescente1bit:U1                             ; ContadorCrescente1bit ; work         ;
;                |Registo1bit:CC_Reg|    ; 1 (0)               ; 1 (0)                     ; 0           ; 0          ; 0            ; 0       ; 0         ; 0    ; 0            ; 0          ; |SSC|SerialReceiver:SReceiver|ParityCheck:Pcheck|Cont1bit:counter|ContadorCrescente1bit:U1|Registo1bit:CC_Reg          ; Registo1bit           ; work         ;
;                   |FFD:FFD1|           ; 1 (1)               ; 1 (1)                     ; 0           ; 0          ; 0            ; 0       ; 0         ; 0    ; 0            ; 0          ; |SSC|SerialReceiver:SReceiver|ParityCheck:Pcheck|Cont1bit:counter|ContadorCrescente1bit:U1|Registo1bit:CC_Reg|FFD:FFD1 ; FFD                   ; work         ;
;       |SerialControl:SC|               ; 10 (10)             ; 5 (5)                     ; 0           ; 0          ; 0            ; 0       ; 0         ; 0    ; 0            ; 0          ; |SSC|SerialReceiver:SReceiver|SerialControl:SC                                                                         ; SerialControl         ; work         ;
;       |ShiftRegister:ShRegister|       ; 0 (0)               ; 7 (0)                     ; 0           ; 0          ; 0            ; 0       ; 0         ; 0    ; 0            ; 0          ; |SSC|SerialReceiver:SReceiver|ShiftRegister:ShRegister                                                                 ; ShiftRegister         ; work         ;
;          |FFD:U1|                      ; 0 (0)               ; 1 (1)                     ; 0           ; 0          ; 0            ; 0       ; 0         ; 0    ; 0            ; 0          ; |SSC|SerialReceiver:SReceiver|ShiftRegister:ShRegister|FFD:U1                                                          ; FFD                   ; work         ;
;          |FFD:U2|                      ; 0 (0)               ; 1 (1)                     ; 0           ; 0          ; 0            ; 0       ; 0         ; 0    ; 0            ; 0          ; |SSC|SerialReceiver:SReceiver|ShiftRegister:ShRegister|FFD:U2                                                          ; FFD                   ; work         ;
;          |FFD:U3|                      ; 0 (0)               ; 1 (1)                     ; 0           ; 0          ; 0            ; 0       ; 0         ; 0    ; 0            ; 0          ; |SSC|SerialReceiver:SReceiver|ShiftRegister:ShRegister|FFD:U3                                                          ; FFD                   ; work         ;
;          |FFD:U4|                      ; 0 (0)               ; 1 (1)                     ; 0           ; 0          ; 0            ; 0       ; 0         ; 0    ; 0            ; 0          ; |SSC|SerialReceiver:SReceiver|ShiftRegister:ShRegister|FFD:U4                                                          ; FFD                   ; work         ;
;          |FFD:U5|                      ; 0 (0)               ; 1 (1)                     ; 0           ; 0          ; 0            ; 0       ; 0         ; 0    ; 0            ; 0          ; |SSC|SerialReceiver:SReceiver|ShiftRegister:ShRegister|FFD:U5                                                          ; FFD                   ; work         ;
;          |FFD:U6|                      ; 0 (0)               ; 1 (1)                     ; 0           ; 0          ; 0            ; 0       ; 0         ; 0    ; 0            ; 0          ; |SSC|SerialReceiver:SReceiver|ShiftRegister:ShRegister|FFD:U6                                                          ; FFD                   ; work         ;
;          |FFD:U7|                      ; 0 (0)               ; 1 (1)                     ; 0           ; 0          ; 0            ; 0       ; 0         ; 0    ; 0            ; 0          ; |SSC|SerialReceiver:SReceiver|ShiftRegister:ShRegister|FFD:U7                                                          ; FFD                   ; work         ;
+----------------------------------------+---------------------+---------------------------+-------------+------------+--------------+---------+-----------+------+--------------+------------+------------------------------------------------------------------------------------------------------------------------+-----------------------+--------------+
Note: For table entries with two numbers listed, the numbers in parentheses indicate the number of resources of the given type used by the specific entity alone. The numbers listed outside of parentheses indicate the total resources of the given type used by the specific entity and all of its sub-entities in the hierarchy.


Encoding Type:  One-Hot
+-----------------------------------------------------------------------------------------------------------------------------------------------------+
; State Machine - |SSC|SerialReceiver:SReceiver|SerialControl:SC|CurrentState                                                                         ;
+------------------------+------------------------+------------------------+------------------------+------------------------+------------------------+
; Name                   ; CurrentState.STATE_100 ; CurrentState.STATE_011 ; CurrentState.STATE_010 ; CurrentState.STATE_001 ; CurrentState.STATE_000 ;
+------------------------+------------------------+------------------------+------------------------+------------------------+------------------------+
; CurrentState.STATE_000 ; 0                      ; 0                      ; 0                      ; 0                      ; 0                      ;
; CurrentState.STATE_001 ; 0                      ; 0                      ; 0                      ; 1                      ; 1                      ;
; CurrentState.STATE_010 ; 0                      ; 0                      ; 1                      ; 0                      ; 1                      ;
; CurrentState.STATE_011 ; 0                      ; 1                      ; 0                      ; 0                      ; 1                      ;
; CurrentState.STATE_100 ; 1                      ; 0                      ; 0                      ; 0                      ; 1                      ;
+------------------------+------------------------+------------------------+------------------------+------------------------+------------------------+


+------------------------------------------------------+
; General Register Statistics                          ;
+----------------------------------------------+-------+
; Statistic                                    ; Value ;
+----------------------------------------------+-------+
; Total registers                              ; 17    ;
; Number of registers using Synchronous Clear  ; 0     ;
; Number of registers using Synchronous Load   ; 0     ;
; Number of registers using Asynchronous Clear ; 17    ;
; Number of registers using Asynchronous Load  ; 0     ;
; Number of registers using Clock Enable       ; 7     ;
; Number of registers using Preset             ; 0     ;
+----------------------------------------------+-------+


+-------------------------------------------------------------------------------------------------------------------+
; Port Connectivity Checks: "SerialReceiver:SReceiver|Cont:Counter|ContadorCrescente:U1|adder4:CC_Adder"            ;
+---------+--------+----------+-------------------------------------------------------------------------------------+
; Port    ; Type   ; Severity ; Details                                                                             ;
+---------+--------+----------+-------------------------------------------------------------------------------------+
; a[3..1] ; Input  ; Info     ; Stuck at GND                                                                        ;
; c0      ; Input  ; Info     ; Stuck at GND                                                                        ;
; c4      ; Output ; Info     ; Connected to dangling logic. Logic that only feeds a dangling port will be removed. ;
+---------+--------+----------+-------------------------------------------------------------------------------------+


+----------------------------------------------------------------------------------------------------------------+
; Port Connectivity Checks: "SerialReceiver:SReceiver|Cont:Counter|ContadorCrescente:U1|Registo:CC_Reg|FFD:FFD4" ;
+------+-------+----------+--------------------------------------------------------------------------------------+
; Port ; Type  ; Severity ; Details                                                                              ;
+------+-------+----------+--------------------------------------------------------------------------------------+
; set  ; Input ; Info     ; Stuck at GND                                                                         ;
+------+-------+----------+--------------------------------------------------------------------------------------+


+----------------------------------------------------------------------------------------------------------------+
; Port Connectivity Checks: "SerialReceiver:SReceiver|Cont:Counter|ContadorCrescente:U1|Registo:CC_Reg|FFD:FFD3" ;
+------+-------+----------+--------------------------------------------------------------------------------------+
; Port ; Type  ; Severity ; Details                                                                              ;
+------+-------+----------+--------------------------------------------------------------------------------------+
; set  ; Input ; Info     ; Stuck at GND                                                                         ;
+------+-------+----------+--------------------------------------------------------------------------------------+


+----------------------------------------------------------------------------------------------------------------+
; Port Connectivity Checks: "SerialReceiver:SReceiver|Cont:Counter|ContadorCrescente:U1|Registo:CC_Reg|FFD:FFD2" ;
+------+-------+----------+--------------------------------------------------------------------------------------+
; Port ; Type  ; Severity ; Details                                                                              ;
+------+-------+----------+--------------------------------------------------------------------------------------+
; set  ; Input ; Info     ; Stuck at GND                                                                         ;
+------+-------+----------+--------------------------------------------------------------------------------------+


+----------------------------------------------------------------------------------------------------------------+
; Port Connectivity Checks: "SerialReceiver:SReceiver|Cont:Counter|ContadorCrescente:U1|Registo:CC_Reg|FFD:FFD1" ;
+------+-------+----------+--------------------------------------------------------------------------------------+
; Port ; Type  ; Severity ; Details                                                                              ;
+------+-------+----------+--------------------------------------------------------------------------------------+
; set  ; Input ; Info     ; Stuck at GND                                                                         ;
+------+-------+----------+--------------------------------------------------------------------------------------+


+-------------------------------------------------------------------------------------------------------+
; Port Connectivity Checks: "SerialReceiver:SReceiver|Cont:Counter|ContadorCrescente:U1|Registo:CC_Reg" ;
+------+-------+----------+-----------------------------------------------------------------------------+
; Port ; Type  ; Severity ; Details                                                                     ;
+------+-------+----------+-----------------------------------------------------------------------------+
; e    ; Input ; Info     ; Stuck at VCC                                                                ;
+------+-------+----------+-----------------------------------------------------------------------------+


+------------------------------------------------------------------------------------------------------------------+
; Port Connectivity Checks: "SerialReceiver:SReceiver|Cont:Counter|ContadorCrescente:U1"                           ;
+--------+--------+----------+-------------------------------------------------------------------------------------+
; Port   ; Type   ; Severity ; Details                                                                             ;
+--------+--------+----------+-------------------------------------------------------------------------------------+
; datain ; Input  ; Info     ; Stuck at GND                                                                        ;
; pl     ; Input  ; Info     ; Stuck at GND                                                                        ;
; tc     ; Output ; Info     ; Connected to dangling logic. Logic that only feeds a dangling port will be removed. ;
+--------+--------+----------+-------------------------------------------------------------------------------------+


+----------------------------------------------------------------------------------------------------------------+
; Port Connectivity Checks: "SerialReceiver:SReceiver|Cont:Counter"                                              ;
+------+--------+----------+-------------------------------------------------------------------------------------+
; Port ; Type   ; Severity ; Details                                                                             ;
+------+--------+----------+-------------------------------------------------------------------------------------+
; ce   ; Input  ; Info     ; Stuck at VCC                                                                        ;
; q[2] ; Output ; Info     ; Connected to dangling logic. Logic that only feeds a dangling port will be removed. ;
+------+--------+----------+-------------------------------------------------------------------------------------+


+--------------------------------------------------------------------------------------+
; Port Connectivity Checks: "SerialReceiver:SReceiver|ShiftRegister:ShRegister|FFD:U7" ;
+------+-------+----------+------------------------------------------------------------+
; Port ; Type  ; Severity ; Details                                                    ;
+------+-------+----------+------------------------------------------------------------+
; set  ; Input ; Info     ; Stuck at GND                                               ;
+------+-------+----------+------------------------------------------------------------+


+--------------------------------------------------------------------------------------+
; Port Connectivity Checks: "SerialReceiver:SReceiver|ShiftRegister:ShRegister|FFD:U6" ;
+------+-------+----------+------------------------------------------------------------+
; Port ; Type  ; Severity ; Details                                                    ;
+------+-------+----------+------------------------------------------------------------+
; set  ; Input ; Info     ; Stuck at GND                                               ;
+------+-------+----------+------------------------------------------------------------+


+--------------------------------------------------------------------------------------+
; Port Connectivity Checks: "SerialReceiver:SReceiver|ShiftRegister:ShRegister|FFD:U5" ;
+------+-------+----------+------------------------------------------------------------+
; Port ; Type  ; Severity ; Details                                                    ;
+------+-------+----------+------------------------------------------------------------+
; set  ; Input ; Info     ; Stuck at GND                                               ;
+------+-------+----------+------------------------------------------------------------+


+--------------------------------------------------------------------------------------+
; Port Connectivity Checks: "SerialReceiver:SReceiver|ShiftRegister:ShRegister|FFD:U4" ;
+------+-------+----------+------------------------------------------------------------+
; Port ; Type  ; Severity ; Details                                                    ;
+------+-------+----------+------------------------------------------------------------+
; set  ; Input ; Info     ; Stuck at GND                                               ;
+------+-------+----------+------------------------------------------------------------+


+--------------------------------------------------------------------------------------+
; Port Connectivity Checks: "SerialReceiver:SReceiver|ShiftRegister:ShRegister|FFD:U3" ;
+------+-------+----------+------------------------------------------------------------+
; Port ; Type  ; Severity ; Details                                                    ;
+------+-------+----------+------------------------------------------------------------+
; set  ; Input ; Info     ; Stuck at GND                                               ;
+------+-------+----------+------------------------------------------------------------+


+--------------------------------------------------------------------------------------+
; Port Connectivity Checks: "SerialReceiver:SReceiver|ShiftRegister:ShRegister|FFD:U2" ;
+------+-------+----------+------------------------------------------------------------+
; Port ; Type  ; Severity ; Details                                                    ;
+------+-------+----------+------------------------------------------------------------+
; set  ; Input ; Info     ; Stuck at GND                                               ;
+------+-------+----------+------------------------------------------------------------+


+--------------------------------------------------------------------------------------+
; Port Connectivity Checks: "SerialReceiver:SReceiver|ShiftRegister:ShRegister|FFD:U1" ;
+------+-------+----------+------------------------------------------------------------+
; Port ; Type  ; Severity ; Details                                                    ;
+------+-------+----------+------------------------------------------------------------+
; set  ; Input ; Info     ; Stuck at GND                                               ;
+------+-------+----------+------------------------------------------------------------+


+---------------------------------------------------------------------------------------------------------------------------------------------+
; Port Connectivity Checks: "SerialReceiver:SReceiver|ParityCheck:Pcheck|Cont1bit:counter|ContadorCrescente1bit:U1|adder1bit:CC_Adder|FA:FA1" ;
+------+--------+----------+------------------------------------------------------------------------------------------------------------------+
; Port ; Type   ; Severity ; Details                                                                                                          ;
+------+--------+----------+------------------------------------------------------------------------------------------------------------------+
; co   ; Output ; Info     ; Connected to dangling logic. Logic that only feeds a dangling port will be removed.                              ;
+------+--------+----------+------------------------------------------------------------------------------------------------------------------+


+--------------------------------------------------------------------------------------------------------------------------------------+
; Port Connectivity Checks: "SerialReceiver:SReceiver|ParityCheck:Pcheck|Cont1bit:counter|ContadorCrescente1bit:U1|adder1bit:CC_Adder" ;
+------+--------+----------+-----------------------------------------------------------------------------------------------------------+
; Port ; Type   ; Severity ; Details                                                                                                   ;
+------+--------+----------+-----------------------------------------------------------------------------------------------------------+
; c0   ; Input  ; Info     ; Stuck at GND                                                                                              ;
; c4   ; Output ; Info     ; Connected to dangling logic. Logic that only feeds a dangling port will be removed.                       ;
+------+--------+----------+-----------------------------------------------------------------------------------------------------------+


+-----------------------------------------------------------------------------------------------------------------------------------------------+
; Port Connectivity Checks: "SerialReceiver:SReceiver|ParityCheck:Pcheck|Cont1bit:counter|ContadorCrescente1bit:U1|Registo1bit:CC_Reg|FFD:FFD1" ;
+------+-------+----------+---------------------------------------------------------------------------------------------------------------------+
; Port ; Type  ; Severity ; Details                                                                                                             ;
+------+-------+----------+---------------------------------------------------------------------------------------------------------------------+
; set  ; Input ; Info     ; Stuck at GND                                                                                                        ;
+------+-------+----------+---------------------------------------------------------------------------------------------------------------------+


+--------------------------------------------------------------------------------------------------------------------------------------+
; Port Connectivity Checks: "SerialReceiver:SReceiver|ParityCheck:Pcheck|Cont1bit:counter|ContadorCrescente1bit:U1|Registo1bit:CC_Reg" ;
+------+-------+----------+------------------------------------------------------------------------------------------------------------+
; Port ; Type  ; Severity ; Details                                                                                                    ;
+------+-------+----------+------------------------------------------------------------------------------------------------------------+
; e    ; Input ; Info     ; Stuck at VCC                                                                                               ;
+------+-------+----------+------------------------------------------------------------------------------------------------------------+


+-------------------------------------------------------------------------------------------------------------------+
; Port Connectivity Checks: "SerialReceiver:SReceiver|ParityCheck:Pcheck|Cont1bit:counter|ContadorCrescente1bit:U1" ;
+--------+--------+----------+--------------------------------------------------------------------------------------+
; Port   ; Type   ; Severity ; Details                                                                              ;
+--------+--------+----------+--------------------------------------------------------------------------------------+
; datain ; Input  ; Info     ; Stuck at GND                                                                         ;
; pl     ; Input  ; Info     ; Stuck at GND                                                                         ;
; tc     ; Output ; Info     ; Connected to dangling logic. Logic that only feeds a dangling port will be removed.  ;
+--------+--------+----------+--------------------------------------------------------------------------------------+


+-----------------------------------------------------+
; Post-Synthesis Netlist Statistics for Top Partition ;
+-----------------------+-----------------------------+
; Type                  ; Count                       ;
+-----------------------+-----------------------------+
; boundary_port         ; 14                          ;
; cycloneiii_ff         ; 17                          ;
;     CLR               ; 10                          ;
;     ENA CLR           ; 7                           ;
; cycloneiii_lcell_comb ; 15                          ;
;     normal            ; 15                          ;
;         1 data inputs ; 1                           ;
;         2 data inputs ; 5                           ;
;         3 data inputs ; 1                           ;
;         4 data inputs ; 8                           ;
;                       ;                             ;
; Max LUT depth         ; 2.00                        ;
; Average LUT depth     ; 1.11                        ;
+-----------------------+-----------------------------+


+-------------------------------+
; Elapsed Time Per Partition    ;
+----------------+--------------+
; Partition Name ; Elapsed Time ;
+----------------+--------------+
; Top            ; 00:00:00     ;
+----------------+--------------+


+-------------------------------+
; Analysis & Synthesis Messages ;
+-------------------------------+
Info: *******************************************************************
Info: Running Quartus Prime Analysis & Synthesis
    Info: Version 19.1.0 Build 670 09/22/2019 SJ Lite Edition
    Info: Processing started: Wed Apr 24 10:07:01 2024
Info: Command: quartus_map --read_settings_files=on --write_settings_files=off SSC -c SSC
Warning (18236): Number of processors has not been specified which may cause overloading on shared machines.  Set the global assignment NUM_PARALLEL_PROCESSORS in your QSF to an appropriate value for best performance.
Info (20030): Parallel compilation is enabled and will use 4 of the 4 processors detected
Info (12021): Found 2 design units, including 1 entities, in source file cont4bit/registo.vhd
    Info (12022): Found design unit 1: Registo-structure File: C:/Users/ssrlo/ISEL/2324/2semestre/LIC/SSC/cont4bit/Registo.vhd Line: 15
    Info (12023): Found entity 1: Registo File: C:/Users/ssrlo/ISEL/2324/2semestre/LIC/SSC/cont4bit/Registo.vhd Line: 4
Info (12021): Found 2 design units, including 1 entities, in source file cont4bit/muxcont.vhd
    Info (12022): Found design unit 1: MuxCont-logicFunction File: C:/Users/ssrlo/ISEL/2324/2semestre/LIC/SSC/cont4bit/MuxCont.vhd Line: 14
    Info (12023): Found entity 1: MuxCont File: C:/Users/ssrlo/ISEL/2324/2semestre/LIC/SSC/cont4bit/MuxCont.vhd Line: 4
Info (12021): Found 2 design units, including 1 entities, in source file cont4bit/contadorcrescente.vhd
    Info (12022): Found design unit 1: ContadorCrescente-structure File: C:/Users/ssrlo/ISEL/2324/2semestre/LIC/SSC/cont4bit/ContadorCrescente.vhd Line: 17
    Info (12023): Found entity 1: ContadorCrescente File: C:/Users/ssrlo/ISEL/2324/2semestre/LIC/SSC/cont4bit/ContadorCrescente.vhd Line: 4
Info (12021): Found 2 design units, including 1 entities, in source file cont4bit/cont.vhd
    Info (12022): Found design unit 1: Cont-structure File: C:/Users/ssrlo/ISEL/2324/2semestre/LIC/SSC/cont4bit/Cont.vhd Line: 14
    Info (12023): Found entity 1: Cont File: C:/Users/ssrlo/ISEL/2324/2semestre/LIC/SSC/cont4bit/Cont.vhd Line: 4
Info (12021): Found 2 design units, including 1 entities, in source file cont4bit/adder4.vhd
    Info (12022): Found design unit 1: adder4-structural File: C:/Users/ssrlo/ISEL/2324/2semestre/LIC/SSC/cont4bit/adder4.vhd Line: 15
    Info (12023): Found entity 1: adder4 File: C:/Users/ssrlo/ISEL/2324/2semestre/LIC/SSC/cont4bit/adder4.vhd Line: 4
Info (12021): Found 2 design units, including 1 entities, in source file cont1bit/registo1bit.vhd
    Info (12022): Found design unit 1: Registo1bit-structure File: C:/Users/ssrlo/ISEL/2324/2semestre/LIC/SSC/cont1bit/Registo1bit.vhd Line: 15
    Info (12023): Found entity 1: Registo1bit File: C:/Users/ssrlo/ISEL/2324/2semestre/LIC/SSC/cont1bit/Registo1bit.vhd Line: 4
Info (12021): Found 2 design units, including 1 entities, in source file cont1bit/muxcont1bit.vhd
    Info (12022): Found design unit 1: MuxCont1bit-logicFunction File: C:/Users/ssrlo/ISEL/2324/2semestre/LIC/SSC/cont1bit/MuxCont1bit.vhd Line: 14
    Info (12023): Found entity 1: MuxCont1bit File: C:/Users/ssrlo/ISEL/2324/2semestre/LIC/SSC/cont1bit/MuxCont1bit.vhd Line: 4
Info (12021): Found 2 design units, including 1 entities, in source file cont1bit/contadorcrescente1bit.vhd
    Info (12022): Found design unit 1: ContadorCrescente1bit-structure File: C:/Users/ssrlo/ISEL/2324/2semestre/LIC/SSC/cont1bit/ContadorCrescente1bit.vhd Line: 17
    Info (12023): Found entity 1: ContadorCrescente1bit File: C:/Users/ssrlo/ISEL/2324/2semestre/LIC/SSC/cont1bit/ContadorCrescente1bit.vhd Line: 4
Info (12021): Found 2 design units, including 1 entities, in source file cont1bit/cont1bit.vhd
    Info (12022): Found design unit 1: Cont1bit-structure File: C:/Users/ssrlo/ISEL/2324/2semestre/LIC/SSC/cont1bit/Cont1bit.vhd Line: 14
    Info (12023): Found entity 1: Cont1bit File: C:/Users/ssrlo/ISEL/2324/2semestre/LIC/SSC/cont1bit/Cont1bit.vhd Line: 4
Info (12021): Found 2 design units, including 1 entities, in source file cont1bit/adder1.vhd
    Info (12022): Found design unit 1: adder1bit-structural File: C:/Users/ssrlo/ISEL/2324/2semestre/LIC/SSC/cont1bit/adder1.vhd Line: 15
    Info (12023): Found entity 1: adder1bit File: C:/Users/ssrlo/ISEL/2324/2semestre/LIC/SSC/cont1bit/adder1.vhd Line: 4
Info (12021): Found 2 design units, including 1 entities, in source file shiftregister.vhd
    Info (12022): Found design unit 1: ShiftRegister-structure File: C:/Users/ssrlo/ISEL/2324/2semestre/LIC/SSC/ShiftRegister.vhd Line: 15
    Info (12023): Found entity 1: ShiftRegister File: C:/Users/ssrlo/ISEL/2324/2semestre/LIC/SSC/ShiftRegister.vhd Line: 4
Info (12021): Found 2 design units, including 1 entities, in source file serialreceiver.vhd
    Info (12022): Found design unit 1: SerialReceiver-structural File: C:/Users/ssrlo/ISEL/2324/2semestre/LIC/SSC/SerialReceiver.vhd Line: 17
    Info (12023): Found entity 1: SerialReceiver File: C:/Users/ssrlo/ISEL/2324/2semestre/LIC/SSC/SerialReceiver.vhd Line: 4
Info (12021): Found 2 design units, including 1 entities, in source file serialcontrol.vhd
    Info (12022): Found design unit 1: SerialControl-behavioral File: C:/Users/ssrlo/ISEL/2324/2semestre/LIC/SSC/SerialControl.vhd Line: 19
    Info (12023): Found entity 1: SerialControl File: C:/Users/ssrlo/ISEL/2324/2semestre/LIC/SSC/SerialControl.vhd Line: 4
Info (12021): Found 2 design units, including 1 entities, in source file paritycheck.vhd
    Info (12022): Found design unit 1: ParityCheck-structure File: C:/Users/ssrlo/ISEL/2324/2semestre/LIC/SSC/ParityCheck.vhd Line: 13
    Info (12023): Found entity 1: ParityCheck File: C:/Users/ssrlo/ISEL/2324/2semestre/LIC/SSC/ParityCheck.vhd Line: 4
Info (12021): Found 2 design units, including 1 entities, in source file ha.vhd
    Info (12022): Found design unit 1: HA-structural File: C:/Users/ssrlo/ISEL/2324/2semestre/LIC/SSC/HA.vhd Line: 14
    Info (12023): Found entity 1: HA File: C:/Users/ssrlo/ISEL/2324/2semestre/LIC/SSC/HA.vhd Line: 4
Info (12021): Found 2 design units, including 1 entities, in source file ffd.vhd
    Info (12022): Found design unit 1: FFD-logicFunction File: C:/Users/ssrlo/ISEL/2324/2semestre/LIC/SSC/FFD.vhd Line: 16
    Info (12023): Found entity 1: FFD File: C:/Users/ssrlo/ISEL/2324/2semestre/LIC/SSC/FFD.vhd Line: 4
Info (12021): Found 2 design units, including 1 entities, in source file fa.vhd
    Info (12022): Found design unit 1: FA-structural File: C:/Users/ssrlo/ISEL/2324/2semestre/LIC/SSC/FA.vhd Line: 15
    Info (12023): Found entity 1: FA File: C:/Users/ssrlo/ISEL/2324/2semestre/LIC/SSC/FA.vhd Line: 4
Info (12021): Found 2 design units, including 1 entities, in source file ssc.vhd
    Info (12022): Found design unit 1: SSC-structural File: C:/Users/ssrlo/ISEL/2324/2semestre/LIC/SSC/SSC.vhd Line: 18
    Info (12023): Found entity 1: SSC File: C:/Users/ssrlo/ISEL/2324/2semestre/LIC/SSC/SSC.vhd Line: 4
Info (12127): Elaborating entity "SSC" for the top level hierarchy
Info (12128): Elaborating entity "SerialReceiver" for hierarchy "SerialReceiver:SReceiver" File: C:/Users/ssrlo/ISEL/2324/2semestre/LIC/SSC/SSC.vhd Line: 34
Info (12128): Elaborating entity "SerialControl" for hierarchy "SerialReceiver:SReceiver|SerialControl:SC" File: C:/Users/ssrlo/ISEL/2324/2semestre/LIC/SSC/SerialReceiver.vhd Line: 71
Info (12128): Elaborating entity "ParityCheck" for hierarchy "SerialReceiver:SReceiver|ParityCheck:Pcheck" File: C:/Users/ssrlo/ISEL/2324/2semestre/LIC/SSC/SerialReceiver.vhd Line: 84
Info (12128): Elaborating entity "Cont1bit" for hierarchy "SerialReceiver:SReceiver|ParityCheck:Pcheck|Cont1bit:counter" File: C:/Users/ssrlo/ISEL/2324/2semestre/LIC/SSC/ParityCheck.vhd Line: 26
Info (12128): Elaborating entity "ContadorCrescente1bit" for hierarchy "SerialReceiver:SReceiver|ParityCheck:Pcheck|Cont1bit:counter|ContadorCrescente1bit:U1" File: C:/Users/ssrlo/ISEL/2324/2semestre/LIC/SSC/cont1bit/Cont1bit.vhd Line: 30
Info (12128): Elaborating entity "Registo1bit" for hierarchy "SerialReceiver:SReceiver|ParityCheck:Pcheck|Cont1bit:counter|ContadorCrescente1bit:U1|Registo1bit:CC_Reg" File: C:/Users/ssrlo/ISEL/2324/2semestre/LIC/SSC/cont1bit/ContadorCrescente1bit.vhd Line: 59
Info (12128): Elaborating entity "FFD" for hierarchy "SerialReceiver:SReceiver|ParityCheck:Pcheck|Cont1bit:counter|ContadorCrescente1bit:U1|Registo1bit:CC_Reg|FFD:FFD1" File: C:/Users/ssrlo/ISEL/2324/2semestre/LIC/SSC/cont1bit/Registo1bit.vhd Line: 30
Info (12128): Elaborating entity "adder1bit" for hierarchy "SerialReceiver:SReceiver|ParityCheck:Pcheck|Cont1bit:counter|ContadorCrescente1bit:U1|adder1bit:CC_Adder" File: C:/Users/ssrlo/ISEL/2324/2semestre/LIC/SSC/cont1bit/ContadorCrescente1bit.vhd Line: 60
Warning (10541): VHDL Signal Declaration warning at adder1.vhd(11): used implicit default value for signal "C4" because signal was never assigned a value or an explicit default value. Use of implicit default value may introduce unintended design optimizations. File: C:/Users/ssrlo/ISEL/2324/2semestre/LIC/SSC/cont1bit/adder1.vhd Line: 11
Warning (10036): Verilog HDL or VHDL warning at adder1.vhd(27): object "CarryOver" assigned a value but never read File: C:/Users/ssrlo/ISEL/2324/2semestre/LIC/SSC/cont1bit/adder1.vhd Line: 27
Info (12128): Elaborating entity "FA" for hierarchy "SerialReceiver:SReceiver|ParityCheck:Pcheck|Cont1bit:counter|ContadorCrescente1bit:U1|adder1bit:CC_Adder|FA:FA1" File: C:/Users/ssrlo/ISEL/2324/2semestre/LIC/SSC/cont1bit/adder1.vhd Line: 31
Info (12128): Elaborating entity "HA" for hierarchy "SerialReceiver:SReceiver|ParityCheck:Pcheck|Cont1bit:counter|ContadorCrescente1bit:U1|adder1bit:CC_Adder|FA:FA1|HA:HA1" File: C:/Users/ssrlo/ISEL/2324/2semestre/LIC/SSC/FA.vhd Line: 31
Info (12128): Elaborating entity "MuxCont1bit" for hierarchy "SerialReceiver:SReceiver|ParityCheck:Pcheck|Cont1bit:counter|ContadorCrescente1bit:U1|MuxCont1bit:CC_MUX" File: C:/Users/ssrlo/ISEL/2324/2semestre/LIC/SSC/cont1bit/ContadorCrescente1bit.vhd Line: 61
Info (12128): Elaborating entity "ShiftRegister" for hierarchy "SerialReceiver:SReceiver|ShiftRegister:ShRegister" File: C:/Users/ssrlo/ISEL/2324/2semestre/LIC/SSC/SerialReceiver.vhd Line: 91
Info (12128): Elaborating entity "Cont" for hierarchy "SerialReceiver:SReceiver|Cont:Counter" File: C:/Users/ssrlo/ISEL/2324/2semestre/LIC/SSC/SerialReceiver.vhd Line: 99
Info (12128): Elaborating entity "ContadorCrescente" for hierarchy "SerialReceiver:SReceiver|Cont:Counter|ContadorCrescente:U1" File: C:/Users/ssrlo/ISEL/2324/2semestre/LIC/SSC/cont4bit/Cont.vhd Line: 30
Info (12128): Elaborating entity "Registo" for hierarchy "SerialReceiver:SReceiver|Cont:Counter|ContadorCrescente:U1|Registo:CC_Reg" File: C:/Users/ssrlo/ISEL/2324/2semestre/LIC/SSC/cont4bit/ContadorCrescente.vhd Line: 61
Info (12128): Elaborating entity "adder4" for hierarchy "SerialReceiver:SReceiver|Cont:Counter|ContadorCrescente:U1|adder4:CC_Adder" File: C:/Users/ssrlo/ISEL/2324/2semestre/LIC/SSC/cont4bit/ContadorCrescente.vhd Line: 62
Info (12128): Elaborating entity "MuxCont" for hierarchy "SerialReceiver:SReceiver|Cont:Counter|ContadorCrescente:U1|MuxCont:CC_MUX" File: C:/Users/ssrlo/ISEL/2324/2semestre/LIC/SSC/cont4bit/ContadorCrescente.vhd Line: 63
Info (286030): Timing-Driven Synthesis is running
Info (16010): Generating hard_block partition "hard_block:auto_generated_inst"
    Info (16011): Adding 0 node(s), including 0 DDIO, 0 PLL, 0 transceiver and 0 LCELL
Info (21057): Implemented 36 device resources after synthesis - the final resource count might be different
    Info (21058): Implemented 6 input pins
    Info (21059): Implemented 8 output pins
    Info (21061): Implemented 22 logic cells
Info: Quartus Prime Analysis & Synthesis was successful. 0 errors, 3 warnings
    Info: Peak virtual memory: 4794 megabytes
    Info: Processing ended: Wed Apr 24 10:07:08 2024
    Info: Elapsed time: 00:00:07
    Info: Total CPU time (on all processors): 00:00:08


